#
# There is insufficient memory for the Java Runtime Environment to continue.
# Native memory allocation (mmap) failed to map 132120576 bytes for G1 virtual space
# Possible reasons:
#   The system is out of physical RAM or swap space
#   The process is running with CompressedOops enabled, and the Java Heap may be blocking the growth of the native heap
# Possible solutions:
#   Reduce memory load on the system
#   Increase physical memory or swap space
#   Check if swap backing store is full
#   Decrease Java heap size (-Xmx/-Xms)
#   Decrease number of Java threads
#   Decrease Java thread stack sizes (-Xss)
#   Set larger code cache with -XX:ReservedCodeCacheSize=
#   JVM is running with Unscaled Compressed Oops mode in which the Java heap is
#     placed in the first 4GB address space. The Java Heap base address is the
#     maximum limit for the native heap growth. Please use -XX:HeapBaseMinAddress
#     to set the Java Heap base and to place the Java Heap above 4GB virtual address.
# This output file may be truncated or incomplete.
#
#  Out of Memory Error (os_windows.cpp:3550), pid=9728, tid=13988
#
# JRE version:  (17.0.8+9) (build )
# Java VM: Java HotSpot(TM) 64-Bit Server VM (17.0.8+9-LTS-211, mixed mode, sharing, tiered, compressed oops, compressed class ptrs, g1 gc, windows-amd64)
# No core dump will be written. Minidumps are not enabled by default on client versions of Windows
#

---------------  S U M M A R Y ------------

Command Line: -Dfile.encoding=UTF-8 -Dstdout.encoding=UTF-8 -Dstderr.encoding=UTF-8 -XX:+ShowCodeDetailsInExceptionMessages com.example.demo.DemoApplication

Host: Intel(R) Core(TM) i5-8500T CPU @ 2.10GHz, 6 cores, 7G,  Windows 10 , 64 bit Build 19041 (10.0.19041.4842)
Time: Fri Sep 13 14:19:39 2024 Hora oficial do Brasil elapsed time: 0.013370 seconds (0d 0h 0m 0s)

---------------  T H R E A D  ---------------

Current thread (0x00000246d36f64a0):  JavaThread "Unknown thread" [_thread_in_vm, id=13988, stack(0x000000c7dd600000,0x000000c7dd700000)]

Stack: [0x000000c7dd600000,0x000000c7dd700000]
Native frames: (J=compiled Java code, j=interpreted, Vv=VM code, C=native code)
V  [jvm.dll+0x677d0a]
V  [jvm.dll+0x7d8c54]
V  [jvm.dll+0x7da3fe]
V  [jvm.dll+0x7daa63]
V  [jvm.dll+0x245c5f]
V  [jvm.dll+0x674bb9]
V  [jvm.dll+0x6694f2]
V  [jvm.dll+0x3031d6]
V  [jvm.dll+0x30a756]
V  [jvm.dll+0x359f9e]
V  [jvm.dll+0x35a1cf]
V  [jvm.dll+0x2da3e8]
V  [jvm.dll+0x2db354]
V  [jvm.dll+0x7aa711]
V  [jvm.dll+0x367b51]
V  [jvm.dll+0x789979]
V  [jvm.dll+0x3eb05f]
V  [jvm.dll+0x3ecae1]
C  [jli.dll+0x5297]
C  [ucrtbase.dll+0x21bb2]
C  [KERNEL32.DLL+0x17374]
C  [ntdll.dll+0x4cc91]


---------------  P R O C E S S  ---------------

Threads class SMR info:
_java_thread_list=0x00007ffda7de59d8, length=0, elements={
}

Java Threads: ( => current thread )

Other Threads:
  0x00000246d374ec00 GCTaskThread "GC Thread#0" [stack: 0x000000c7dd700000,0x000000c7dd800000] [id=14648]
  0x00000246d375fc20 ConcurrentGCThread "G1 Main Marker" [stack: 0x000000c7dd800000,0x000000c7dd900000] [id=13960]
  0x00000246d3762650 ConcurrentGCThread "G1 Conc#0" [stack: 0x000000c7dd900000,0x000000c7dda00000] [id=10092]

[error occurred during error reporting (printing all threads), id 0xc0000005, EXCEPTION_ACCESS_VIOLATION (0xc0000005) at pc=0x00007ffda761b047]

VM state: not at safepoint (not fully initialized)

VM Mutex/Monitor currently owned by a thread:  ([mutex/lock_event])
[0x00000246d36f1bc0] Heap_lock - owner thread: 0x00000246d36f64a0

Heap address: 0x0000000083600000, size: 1994 MB, Compressed Oops mode: 32-bit

CDS archive(s) mapped at: [0x0000000000000000-0x0000000000000000-0x0000000000000000), size 0, SharedBaseAddress: 0x0000000800000000, ArchiveRelocationMode: 1.
Narrow klass base: 0x0000000000000000, Narrow klass shift: 0, Narrow klass range: 0x0

GC Precious Log:
<Empty>

Heap:
 garbage-first heap   total 0K, used 0K [0x0000000083600000, 0x0000000100000000)
  region size 1024K, 0 young (0K), 0 survivors (0K)

[error occurred during error reporting (printing heap information), id 0xc0000005, EXCEPTION_ACCESS_VIOLATION (0xc0000005) at pc=0x00007ffda7a01499]

GC Heap History (0 events):
No events

Deoptimization events (0 events):
No events

Classes unloaded (0 events):
No events

Classes redefined (0 events):
No events

Internal exceptions (0 events):
No events

VM Operations (0 events):
No events

Events (1 events):
Event: 0.008 Loaded shared library C:\Program Files\Java\jdk-17\bin\java.dll


Dynamic libraries:
0x00007ff62f660000 - 0x00007ff62f670000 	C:\Program Files\Java\jdk-17\bin\javaw.exe
0x00007ffe57c50000 - 0x00007ffe57e48000 	C:\WINDOWS\SYSTEM32\ntdll.dll
0x00007ffe56070000 - 0x00007ffe56131000 	C:\WINDOWS\System32\KERNEL32.DLL
0x00007ffe556a0000 - 0x00007ffe5599d000 	C:\WINDOWS\System32\KERNELBASE.dll
0x00007ffe555a0000 - 0x00007ffe556a0000 	C:\WINDOWS\System32\ucrtbase.dll
0x00007ffdffae0000 - 0x00007ffdffafb000 	C:\Program Files\Java\jdk-17\bin\VCRUNTIME140.dll
0x00007ffdffac0000 - 0x00007ffdffad9000 	C:\Program Files\Java\jdk-17\bin\jli.dll
0x00007ffe55c80000 - 0x00007ffe55d30000 	C:\WINDOWS\System32\ADVAPI32.dll
0x00007ffe57960000 - 0x00007ffe579fe000 	C:\WINDOWS\System32\msvcrt.dll
0x00007ffe55ef0000 - 0x00007ffe55f90000 	C:\WINDOWS\System32\sechost.dll
0x00007ffe56e80000 - 0x00007ffe56fa3000 	C:\WINDOWS\System32\RPCRT4.dll
0x00007ffe55ac0000 - 0x00007ffe55ae7000 	C:\WINDOWS\System32\bcrypt.dll
0x00007ffe55d30000 - 0x00007ffe55ecd000 	C:\WINDOWS\System32\USER32.dll
0x00007ffe55a90000 - 0x00007ffe55ab2000 	C:\WINDOWS\System32\win32u.dll
0x00007ffe561a0000 - 0x00007ffe561cb000 	C:\WINDOWS\System32\GDI32.dll
0x00007ffe55af0000 - 0x00007ffe55c07000 	C:\WINDOWS\System32\gdi32full.dll
0x00007ffe46560000 - 0x00007ffe467fa000 	C:\WINDOWS\WinSxS\amd64_microsoft.windows.common-controls_6595b64144ccf1df_6.0.19041.4355_none_60b8b9eb71f62e16\COMCTL32.dll
0x00007ffe559a0000 - 0x00007ffe55a3d000 	C:\WINDOWS\System32\msvcp_win.dll
0x00007ffe4fd30000 - 0x00007ffe4fd3a000 	C:\WINDOWS\SYSTEM32\VERSION.dll
0x00007ffe56cc0000 - 0x00007ffe56cef000 	C:\WINDOWS\System32\IMM32.DLL
0x00007ffe2e4e0000 - 0x00007ffe2e4ec000 	C:\Program Files\Java\jdk-17\bin\vcruntime140_1.dll
0x00007ffdc8fa0000 - 0x00007ffdc902e000 	C:\Program Files\Java\jdk-17\bin\msvcp140.dll
0x00007ffda7330000 - 0x00007ffda7f0e000 	C:\Program Files\Java\jdk-17\bin\server\jvm.dll
0x00007ffe56fb0000 - 0x00007ffe56fb8000 	C:\WINDOWS\System32\PSAPI.DLL
0x00007ffe43a50000 - 0x00007ffe43a77000 	C:\WINDOWS\SYSTEM32\WINMM.dll
0x00007ffe405d0000 - 0x00007ffe405d9000 	C:\WINDOWS\SYSTEM32\WSOCK32.dll
0x00007ffe561d0000 - 0x00007ffe5623b000 	C:\WINDOWS\System32\WS2_32.dll
0x00007ffe52f50000 - 0x00007ffe52f62000 	C:\WINDOWS\SYSTEM32\kernel.appcore.dll
0x00007ffe2e3a0000 - 0x00007ffe2e3aa000 	C:\Program Files\Java\jdk-17\bin\jimage.dll
0x00007ffe43840000 - 0x00007ffe43a24000 	C:\WINDOWS\SYSTEM32\DBGHELP.DLL
0x00007ffe43100000 - 0x00007ffe43134000 	C:\WINDOWS\SYSTEM32\dbgcore.DLL
0x00007ffe55300000 - 0x00007ffe55382000 	C:\WINDOWS\System32\bcryptPrimitives.dll
0x00007ffdfeaf0000 - 0x00007ffdfeb15000 	C:\Program Files\Java\jdk-17\bin\java.dll

dbghelp: loaded successfully - version: 4.0.5 - missing functions: none
symbol engine: initialized successfully - sym options: 0x614 - pdb path: .;C:\Program Files\Java\jdk-17\bin;C:\WINDOWS\SYSTEM32;C:\WINDOWS\WinSxS\amd64_microsoft.windows.common-controls_6595b64144ccf1df_6.0.19041.4355_none_60b8b9eb71f62e16;C:\Program Files\Java\jdk-17\bin\server

VM Arguments:
jvm_args: -Dfile.encoding=UTF-8 -Dstdout.encoding=UTF-8 -Dstderr.encoding=UTF-8 -XX:+ShowCodeDetailsInExceptionMessages 
java_command: com.example.demo.DemoApplication
java_class_path (initial): C:\Users\rodrigo.oliveira\eclipse-workspace\blocoDeNotas-main\demo\target\classes;C:\Users\rodrigo.oliveira\.m2\repository\org\apache\maven\maven-plugin-api\3.6.3\maven-plugin-api-3.6.3.jar;C:\Users\rodrigo.oliveira\.m2\repository\org\apache\maven\maven-model\3.6.3\maven-model-3.6.3.jar;C:\Users\rodrigo.oliveira\.m2\repository\org\apache\maven\maven-artifact\3.6.3\maven-artifact-3.6.3.jar;C:\Users\rodrigo.oliveira\.m2\repository\org\apache\commons\commons-lang3\3.14.0\commons-lang3-3.14.0.jar;C:\Users\rodrigo.oliveira\.m2\repository\org\eclipse\sisu\org.eclipse.sisu.plexus\0.3.4\org.eclipse.sisu.plexus-0.3.4.jar;C:\Users\rodrigo.oliveira\.m2\repository\javax\enterprise\cdi-api\1.0\cdi-api-1.0.jar;C:\Users\rodrigo.oliveira\.m2\repository\javax\annotation\jsr250-api\1.0\jsr250-api-1.0.jar;C:\Users\rodrigo.oliveira\.m2\repository\javax\inject\javax.inject\1\javax.inject-1.jar;C:\Users\rodrigo.oliveira\.m2\repository\org\eclipse\sisu\org.eclipse.sisu.inject\0.3.4\org.eclipse.sisu.inject-0.3.4.jar;C:\Users\rodrigo.oliveira\.m2\repository\org\codehaus\plexus\plexus-component-annotations\1.5.5\plexus-component-annotations-1.5.5.jar;C:\Users\rodrigo.oliveira\.m2\repository\org\codehaus\plexus\plexus-utils\3.2.1\plexus-utils-3.2.1.jar;C:\Users\rodrigo.oliveira\.m2\repository\org\codehaus\plexus\plexus-classworlds\2.6.0\plexus-classworlds-2.6.0.jar;C:\Users\rodrigo.oliveira\.m2\repository\org\apache\maven\plugin-tools\maven-plugin-annotations\3.6.0\maven-plugin-annotations-3.6.0.jar;C:\Users\rodrigo.oliveira\.m2\repository\org\apache\maven\maven-project\2.2.1\maven-project-2.2.1.jar;C:\Users\rodrigo.oliveira\.m2\repository\org\apache\maven\maven-settings\2.2.1\maven-settings-2.2.1.jar;C:\Users\rodrigo.oliveira\.m2\repository\org\apache\maven\maven-profile\2.2.1\maven-profile-2.2.1.jar;C:\Users\rodrigo.oliveira\.m2\repository\org\apache\maven\maven-artifact-manager\2.2.1\maven-artifact-manager-2.2.1.jar;C:\Users\rodrigo.oliveira\.m2\repository\org\
Launcher Type: SUN_STANDARD

[Global flags]
     intx CICompilerCount                          = 3                                         {product} {ergonomic}
     uint ConcGCThreads                            = 2                                         {product} {ergonomic}
     uint G1ConcRefinementThreads                  = 6                                         {product} {ergonomic}
   size_t G1HeapRegionSize                         = 1048576                                   {product} {ergonomic}
    uintx GCDrainStackTargetSize                   = 64                                        {product} {ergonomic}
   size_t InitialHeapSize                          = 132120576                                 {product} {ergonomic}
   size_t MarkStackSize                            = 4194304                                   {product} {ergonomic}
   size_t MaxHeapSize                              = 2090860544                                {product} {ergonomic}
   size_t MinHeapDeltaBytes                        = 1048576                                   {product} {ergonomic}
   size_t MinHeapSize                              = 8388608                                   {product} {ergonomic}
    uintx NonNMethodCodeHeapSize                   = 5832780                                {pd product} {ergonomic}
    uintx NonProfiledCodeHeapSize                  = 122912730                              {pd product} {ergonomic}
    uintx ProfiledCodeHeapSize                     = 122912730                              {pd product} {ergonomic}
    uintx ReservedCodeCacheSize                    = 251658240                              {pd product} {ergonomic}
     bool SegmentedCodeCache                       = true                                      {product} {ergonomic}
     bool ShowCodeDetailsInExceptionMessages       = true                                   {manageable} {command line}
   size_t SoftMaxHeapSize                          = 2090860544                             {manageable} {ergonomic}
     bool UseCompressedClassPointers               = true                           {product lp64_product} {ergonomic}
     bool UseCompressedOops                        = true                           {product lp64_product} {ergonomic}
     bool UseG1GC                                  = true                                      {product} {ergonomic}
     bool UseLargePagesIndividualAllocation        = false                                  {pd product} {ergonomic}

Logging:
Log output configuration:
 #0: stdout all=warning uptime,level,tags
 #1: stderr all=off uptime,level,tags

Environment Variables:
JAVA_HOME=C:\Program Files\Java\jdk-17
PATH=C:/Users/rodrigo.oliveira/.p2/pool/plugins/org.eclipse.justj.openjdk.hotspot.jre.full.win32.x86_64_22.0.2.v20240802-1626/jre/bin/server;C:/Users/rodrigo.oliveira/.p2/pool/plugins/org.eclipse.justj.openjdk.hotspot.jre.full.win32.x86_64_22.0.2.v20240802-1626/jre/bin;C:\Program Files\Common Files\Oracle\Java\javapath;C:\Program Files (x86)\Intel\Intel(R) Management Engine Components\iCLS\;C:\Program Files\Intel\Intel(R) Management Engine Components\iCLS\;C:\WINDOWS\system32;C:\WINDOWS;C:\WINDOWS\System32\Wbem;C:\WINDOWS\System32\WindowsPowerShell\v1.0\;C:\Program Files (x86)\Intel\Intel(R) Management Engine Components\DAL;C:\Program Files\Intel\Intel(R) Management Engine Components\DAL;C:\Program Files (x86)\Intel\Intel(R) Management Engine Components\IPT;C:\Program Files\Intel\Intel(R) Management Engine Components\IPT;C:\WINDOWS\System32\OpenSSH\;C:\Program Files\Java\jdk-17\bin;C:\Program Files\Git\cmd;C:\Program Files\MongoDB\Server\5.0\bin;C:\Program Files\nodejs\;C:\Program Files\Go\bin;C:\Program Files\MySQL\MySQL Server 8.0\bin;C:\Maven\apache-maven-3.8.4\bin;C:\Users\ítalo.oliveira\sonar-scanner\bin;C:\Users\ítalo.oliveira\sonar-scanner-linux\bin;;C:\Program Files\Docker\Docker\resources\bin;C:\Users\rodrigo.oliveira\AppData\Local\Microsoft\WindowsApps;;C:\Users\rodrigo.oliveira\Desktop;
USERNAME=rodrigo.oliveira
OS=Windows_NT
PROCESSOR_IDENTIFIER=Intel64 Family 6 Model 158 Stepping 10, GenuineIntel



---------------  S Y S T E M  ---------------

OS:
 Windows 10 , 64 bit Build 19041 (10.0.19041.4842)
OS uptime: 4 days 4:20 hours
Hyper-V role detected

CPU: total 6 (initial active 6) (6 cores per cpu, 1 threads per core) family 6 model 158 stepping 10 microcode 0xb4, cx8, cmov, fxsr, mmx, 3dnowpref, sse, sse2, sse3, ssse3, sse4.1, sse4.2, popcnt, lzcnt, tsc, tscinvbit, avx, avx2, aes, erms, clmul, bmi1, bmi2, rtm, adx, fma, vzeroupper, clflush, clflushopt, hv

Memory: 4k page, system-wide physical 7971M (845M free)
TotalPageFile size 12067M (AvailPageFile size 103M)
current process WorkingSet (physical memory assigned to process): 11M, peak: 11M
current process commit charge ("private bytes"): 56M, peak: 182M

vm_info: Java HotSpot(TM) 64-Bit Server VM (17.0.8+9-LTS-211) for windows-amd64 JRE (17.0.8+9-LTS-211), built on Jun 14 2023 10:34:31 by "mach5one" with MS VC++ 17.1 (VS2022)

END.
