#
# There is insufficient memory for the Java Runtime Environment to continue.
# Native memory allocation (mmap) failed to map 132120576 bytes for G1 virtual space
# Possible reasons:
#   The system is out of physical RAM or swap space
#   The process is running with CompressedOops enabled, and the Java Heap may be blocking the growth of the native heap
# Possible solutions:
#   Reduce memory load on the system
#   Increase physical memory or swap space
#   Check if swap backing store is full
#   Decrease Java heap size (-Xmx/-Xms)
#   Decrease number of Java threads
#   Decrease Java thread stack sizes (-Xss)
#   Set larger code cache with -XX:ReservedCodeCacheSize=
#   JVM is running with Unscaled Compressed Oops mode in which the Java heap is
#     placed in the first 4GB address space. The Java Heap base address is the
#     maximum limit for the native heap growth. Please use -XX:HeapBaseMinAddress
#     to set the Java Heap base and to place the Java Heap above 4GB virtual address.
# This output file may be truncated or incomplete.
#
#  Out of Memory Error (os_windows.cpp:3550), pid=3448, tid=8996
#
# JRE version:  (17.0.8+9) (build )
# Java VM: Java HotSpot(TM) 64-Bit Server VM (17.0.8+9-LTS-211, mixed mode, emulated-client, sharing, tiered, compressed oops, compressed class ptrs, g1 gc, windows-amd64)
# No core dump will be written. Minidumps are not enabled by default on client versions of Windows
#

---------------  S U M M A R Y ------------

Command Line: -Dcom.sun.management.jmxremote -Dcom.sun.management.jmxremote.port=64678 -Dcom.sun.management.jmxremote.authenticate=false -Dcom.sun.management.jmxremote.ssl=false -Djava.rmi.server.hostname=localhost -Dspring.jmx.enabled=true -Dmanagement.endpoints.jmx.exposure.include=* -Dspring.application.admin.enabled=true -XX:TieredStopAtLevel=1 -Dspring.boot.project.name=demo -Dfile.encoding=UTF-8 -Dstdout.encoding=UTF-8 -Dstderr.encoding=UTF-8 -XX:+ShowCodeDetailsInExceptionMessages com.example.demo.DemoApplication --spring.output.ansi.enabled=always

Host: Intel(R) Core(TM) i5-8500T CPU @ 2.10GHz, 6 cores, 7G,  Windows 10 , 64 bit Build 19041 (10.0.19041.4842)
Time: Fri Sep 13 13:45:56 2024 Hora oficial do Brasil elapsed time: 0.014809 seconds (0d 0h 0m 0s)

---------------  T H R E A D  ---------------

Current thread (0x000002010a5058b0):  JavaThread "Unknown thread" [_thread_in_vm, id=8996, stack(0x000000a897600000,0x000000a897700000)]

Stack: [0x000000a897600000,0x000000a897700000]
Native frames: (J=compiled Java code, j=interpreted, Vv=VM code, C=native code)
V  [jvm.dll+0x677d0a]
V  [jvm.dll+0x7d8c54]
V  [jvm.dll+0x7da3fe]
V  [jvm.dll+0x7daa63]
V  [jvm.dll+0x245c5f]
V  [jvm.dll+0x674bb9]
V  [jvm.dll+0x6694f2]
V  [jvm.dll+0x3031d6]
V  [jvm.dll+0x30a756]
V  [jvm.dll+0x359f9e]
V  [jvm.dll+0x35a1cf]
V  [jvm.dll+0x2da3e8]
V  [jvm.dll+0x2db354]
V  [jvm.dll+0x7aa711]
V  [jvm.dll+0x367b51]
V  [jvm.dll+0x789979]
V  [jvm.dll+0x3eb05f]
V  [jvm.dll+0x3ecae1]
C  [jli.dll+0x5297]
C  [ucrtbase.dll+0x21bb2]
C  [KERNEL32.DLL+0x17374]
C  [ntdll.dll+0x4cc91]


---------------  P R O C E S S  ---------------

Threads class SMR info:
_java_thread_list=0x00007ffdd9d059d8, length=0, elements={
}

Java Threads: ( => current thread )

Other Threads:
  0x000002010a55d070 GCTaskThread "GC Thread#0" [stack: 0x000000a897700000,0x000000a897800000] [id=17188]
  0x000002010a56dfa0 ConcurrentGCThread "G1 Main Marker" [stack: 0x000000a897800000,0x000000a897900000] [id=23136]
  0x000002010a56e8c0 ConcurrentGCThread "G1 Conc#0" [stack: 0x000000a897900000,0x000000a897a00000] [id=15132]

[error occurred during error reporting (printing all threads), id 0xc0000005, EXCEPTION_ACCESS_VIOLATION (0xc0000005) at pc=0x00007ffdd953b047]

VM state: not at safepoint (not fully initialized)

VM Mutex/Monitor currently owned by a thread:  ([mutex/lock_event])
[0x000002010a4ffdf0] Heap_lock - owner thread: 0x000002010a5058b0

Heap address: 0x0000000083600000, size: 1994 MB, Compressed Oops mode: 32-bit

CDS archive(s) mapped at: [0x0000000000000000-0x0000000000000000-0x0000000000000000), size 0, SharedBaseAddress: 0x0000000800000000, ArchiveRelocationMode: 1.
Narrow klass base: 0x0000000000000000, Narrow klass shift: 0, Narrow klass range: 0x0

GC Precious Log:
<Empty>

Heap:
 garbage-first heap   total 0K, used 0K [0x0000000083600000, 0x0000000100000000)
  region size 1024K, 0 young (0K), 0 survivors (0K)

[error occurred during error reporting (printing heap information), id 0xc0000005, EXCEPTION_ACCESS_VIOLATION (0xc0000005) at pc=0x00007ffdd9921499]

GC Heap History (0 events):
No events

Deoptimization events (0 events):
No events

Classes unloaded (0 events):
No events

Classes redefined (0 events):
No events

Internal exceptions (0 events):
No events

VM Operations (0 events):
No events

Events (1 events):
Event: 0.009 Loaded shared library C:\Program Files\Java\jdk-17\bin\java.dll


Dynamic libraries:
0x00007ff716540000 - 0x00007ff716550000 	C:\Program Files\Java\jdk-17\bin\javaw.exe
0x00007ffe57c50000 - 0x00007ffe57e48000 	C:\WINDOWS\SYSTEM32\ntdll.dll
0x00007ffe56070000 - 0x00007ffe56131000 	C:\WINDOWS\System32\KERNEL32.DLL
0x00007ffe556a0000 - 0x00007ffe5599d000 	C:\WINDOWS\System32\KERNELBASE.dll
0x00007ffe555a0000 - 0x00007ffe556a0000 	C:\WINDOWS\System32\ucrtbase.dll
0x00007ffe4e3f0000 - 0x00007ffe4e409000 	C:\Program Files\Java\jdk-17\bin\jli.dll
0x00007ffe3c450000 - 0x00007ffe3c46b000 	C:\Program Files\Java\jdk-17\bin\VCRUNTIME140.dll
0x00007ffe55c80000 - 0x00007ffe55d30000 	C:\WINDOWS\System32\ADVAPI32.dll
0x00007ffe57960000 - 0x00007ffe579fe000 	C:\WINDOWS\System32\msvcrt.dll
0x00007ffe55ef0000 - 0x00007ffe55f90000 	C:\WINDOWS\System32\sechost.dll
0x00007ffe56e80000 - 0x00007ffe56fa3000 	C:\WINDOWS\System32\RPCRT4.dll
0x00007ffe55ac0000 - 0x00007ffe55ae7000 	C:\WINDOWS\System32\bcrypt.dll
0x00007ffe55d30000 - 0x00007ffe55ecd000 	C:\WINDOWS\System32\USER32.dll
0x00007ffe55a90000 - 0x00007ffe55ab2000 	C:\WINDOWS\System32\win32u.dll
0x00007ffe561a0000 - 0x00007ffe561cb000 	C:\WINDOWS\System32\GDI32.dll
0x00007ffe55af0000 - 0x00007ffe55c07000 	C:\WINDOWS\System32\gdi32full.dll
0x00007ffe559a0000 - 0x00007ffe55a3d000 	C:\WINDOWS\System32\msvcp_win.dll
0x00007ffe46560000 - 0x00007ffe467fa000 	C:\WINDOWS\WinSxS\amd64_microsoft.windows.common-controls_6595b64144ccf1df_6.0.19041.4355_none_60b8b9eb71f62e16\COMCTL32.dll
0x00007ffe4fd30000 - 0x00007ffe4fd3a000 	C:\WINDOWS\SYSTEM32\VERSION.dll
0x00007ffe56cc0000 - 0x00007ffe56cef000 	C:\WINDOWS\System32\IMM32.DLL
0x00007ffe52350000 - 0x00007ffe5235c000 	C:\Program Files\Java\jdk-17\bin\vcruntime140_1.dll
0x00007ffe2d100000 - 0x00007ffe2d18e000 	C:\Program Files\Java\jdk-17\bin\msvcp140.dll
0x00007ffdd9250000 - 0x00007ffdd9e2e000 	C:\Program Files\Java\jdk-17\bin\server\jvm.dll
0x00007ffe56fb0000 - 0x00007ffe56fb8000 	C:\WINDOWS\System32\PSAPI.DLL
0x00007ffe405d0000 - 0x00007ffe405d9000 	C:\WINDOWS\SYSTEM32\WSOCK32.dll
0x00007ffe43a50000 - 0x00007ffe43a77000 	C:\WINDOWS\SYSTEM32\WINMM.dll
0x00007ffe561d0000 - 0x00007ffe5623b000 	C:\WINDOWS\System32\WS2_32.dll
0x00007ffe52f50000 - 0x00007ffe52f62000 	C:\WINDOWS\SYSTEM32\kernel.appcore.dll
0x00007ffe502c0000 - 0x00007ffe502ca000 	C:\Program Files\Java\jdk-17\bin\jimage.dll
0x00007ffe43840000 - 0x00007ffe43a24000 	C:\WINDOWS\SYSTEM32\DBGHELP.DLL
0x00007ffe43100000 - 0x00007ffe43134000 	C:\WINDOWS\SYSTEM32\dbgcore.DLL
0x00007ffe55300000 - 0x00007ffe55382000 	C:\WINDOWS\System32\bcryptPrimitives.dll
0x00007ffe3a810000 - 0x00007ffe3a835000 	C:\Program Files\Java\jdk-17\bin\java.dll

dbghelp: loaded successfully - version: 4.0.5 - missing functions: none
symbol engine: initialized successfully - sym options: 0x614 - pdb path: .;C:\Program Files\Java\jdk-17\bin;C:\WINDOWS\SYSTEM32;C:\WINDOWS\WinSxS\amd64_microsoft.windows.common-controls_6595b64144ccf1df_6.0.19041.4355_none_60b8b9eb71f62e16;C:\Program Files\Java\jdk-17\bin\server

VM Arguments:
jvm_args: -Dcom.sun.management.jmxremote -Dcom.sun.management.jmxremote.port=64678 -Dcom.sun.management.jmxremote.authenticate=false -Dcom.sun.management.jmxremote.ssl=false -Djava.rmi.server.hostname=localhost -Dspring.jmx.enabled=true -Dmanagement.endpoints.jmx.exposure.include=* -Dspring.application.admin.enabled=true -XX:TieredStopAtLevel=1 -Dspring.boot.project.name=demo -Dfile.encoding=UTF-8 -Dstdout.encoding=UTF-8 -Dstderr.encoding=UTF-8 -XX:+ShowCodeDetailsInExceptionMessages 
java_command: com.example.demo.DemoApplication --spring.output.ansi.enabled=always
java_class_path (initial): C:\Users\rodrigo.oliveira\eclipse-workspace\blocoDeNotas-main\demo\target\classes;C:\Users\rodrigo.oliveira\.m2\repository\org\springframework\boot\spring-boot-starter-data-jpa\3.3.3\spring-boot-starter-data-jpa-3.3.3.jar;C:\Users\rodrigo.oliveira\.m2\repository\org\springframework\boot\spring-boot-starter-aop\3.3.3\spring-boot-starter-aop-3.3.3.jar;C:\Users\rodrigo.oliveira\.m2\repository\org\springframework\spring-aop\6.1.12\spring-aop-6.1.12.jar;C:\Users\rodrigo.oliveira\.m2\repository\org\aspectj\aspectjweaver\1.9.22.1\aspectjweaver-1.9.22.1.jar;C:\Users\rodrigo.oliveira\.m2\repository\org\springframework\boot\spring-boot-starter-jdbc\3.3.3\spring-boot-starter-jdbc-3.3.3.jar;C:\Users\rodrigo.oliveira\.m2\repository\com\zaxxer\HikariCP\5.1.0\HikariCP-5.1.0.jar;C:\Users\rodrigo.oliveira\.m2\repository\org\springframework\spring-jdbc\6.1.12\spring-jdbc-6.1.12.jar;C:\Users\rodrigo.oliveira\.m2\repository\org\hibernate\orm\hibernate-core\6.5.2.Final\hibernate-core-6.5.2.Final.jar;C:\Users\rodrigo.oliveira\.m2\repository\jakarta\persistence\jakarta.persistence-api\3.1.0\jakarta.persistence-api-3.1.0.jar;C:\Users\rodrigo.oliveira\.m2\repository\jakarta\transaction\jakarta.transaction-api\2.0.1\jakarta.transaction-api-2.0.1.jar;C:\Users\rodrigo.oliveira\.m2\repository\org\jboss\logging\jboss-logging\3.5.3.Final\jboss-logging-3.5.3.Final.jar;C:\Users\rodrigo.oliveira\.m2\repository\org\hibernate\common\hibernate-commons-annotations\6.0.6.Final\hibernate-commons-annotations-6.0.6.Final.jar;C:\Users\rodrigo.oliveira\.m2\repository\io\smallrye\jandex\3.1.2\jandex-3.1.2.jar;C:\Users\rodrigo.oliveira\.m2\repository\com\fasterxml\classmate\1.7.0\classmate-1.7.0.jar;C:\Users\rodrigo.oliveira\.m2\repository\net\bytebuddy\byte-buddy\1.14.19\byte-buddy-1.14.19.jar;C:\Users\rodrigo.oliveira\.m2\repository\org\glassfish\jaxb\jaxb-runtime\4.0.5\jaxb-runtime-4.0.5.jar;C:\Users\rodrigo.oliveira\.m2\repository\org\glassfish\jaxb\jaxb-core\4.0.5\jaxb-core-4.0
Launcher Type: SUN_STANDARD

[Global flags]
     intx CICompilerCount                          = 3                                         {product} {ergonomic}
     uint ConcGCThreads                            = 2                                         {product} {ergonomic}
     uint G1ConcRefinementThreads                  = 6                                         {product} {ergonomic}
   size_t G1HeapRegionSize                         = 1048576                                   {product} {ergonomic}
    uintx GCDrainStackTargetSize                   = 64                                        {product} {ergonomic}
   size_t InitialHeapSize                          = 132120576                                 {product} {ergonomic}
     bool ManagementServer                         = true                                      {product} {command line}
   size_t MarkStackSize                            = 4194304                                   {product} {ergonomic}
   size_t MaxHeapSize                              = 2090860544                                {product} {ergonomic}
   size_t MinHeapDeltaBytes                        = 1048576                                   {product} {ergonomic}
   size_t MinHeapSize                              = 8388608                                   {product} {ergonomic}
    uintx NonProfiledCodeHeapSize                  = 0                                      {pd product} {ergonomic}
     bool ProfileInterpreter                       = false                                  {pd product} {command line}
    uintx ProfiledCodeHeapSize                     = 0                                      {pd product} {ergonomic}
     bool ShowCodeDetailsInExceptionMessages       = true                                   {manageable} {command line}
   size_t SoftMaxHeapSize                          = 2090860544                             {manageable} {ergonomic}
     intx TieredStopAtLevel                        = 1                                         {product} {command line}
     bool UseCompressedClassPointers               = true                           {product lp64_product} {ergonomic}
     bool UseCompressedOops                        = true                           {product lp64_product} {ergonomic}
     bool UseG1GC                                  = true                                      {product} {ergonomic}
     bool UseLargePagesIndividualAllocation        = false                                  {pd product} {ergonomic}

Logging:
Log output configuration:
 #0: stdout all=warning uptime,level,tags
 #1: stderr all=off uptime,level,tags

Environment Variables:
JAVA_HOME=C:\Program Files\Java\jdk-17
PATH=C:/Users/rodrigo.oliveira/.p2/pool/plugins/org.eclipse.justj.openjdk.hotspot.jre.full.win32.x86_64_22.0.2.v20240802-1626/jre/bin/server;C:/Users/rodrigo.oliveira/.p2/pool/plugins/org.eclipse.justj.openjdk.hotspot.jre.full.win32.x86_64_22.0.2.v20240802-1626/jre/bin;C:\Program Files\Common Files\Oracle\Java\javapath;C:\Program Files (x86)\Intel\Intel(R) Management Engine Components\iCLS\;C:\Program Files\Intel\Intel(R) Management Engine Components\iCLS\;C:\WINDOWS\system32;C:\WINDOWS;C:\WINDOWS\System32\Wbem;C:\WINDOWS\System32\WindowsPowerShell\v1.0\;C:\Program Files (x86)\Intel\Intel(R) Management Engine Components\DAL;C:\Program Files\Intel\Intel(R) Management Engine Components\DAL;C:\Program Files (x86)\Intel\Intel(R) Management Engine Components\IPT;C:\Program Files\Intel\Intel(R) Management Engine Components\IPT;C:\WINDOWS\System32\OpenSSH\;C:\Program Files\Java\jdk-17\bin;C:\Program Files\Git\cmd;C:\Program Files\MongoDB\Server\5.0\bin;C:\Program Files\nodejs\;C:\Program Files\Go\bin;C:\Program Files\MySQL\MySQL Server 8.0\bin;C:\Maven\apache-maven-3.8.4\bin;C:\Users\ítalo.oliveira\sonar-scanner\bin;C:\Users\ítalo.oliveira\sonar-scanner-linux\bin;;C:\Program Files\Docker\Docker\resources\bin;C:\Users\rodrigo.oliveira\AppData\Local\Microsoft\WindowsApps;;C:\Users\rodrigo.oliveira\Desktop;
USERNAME=rodrigo.oliveira
OS=Windows_NT
PROCESSOR_IDENTIFIER=Intel64 Family 6 Model 158 Stepping 10, GenuineIntel



---------------  S Y S T E M  ---------------

OS:
 Windows 10 , 64 bit Build 19041 (10.0.19041.4842)
OS uptime: 4 days 3:46 hours
Hyper-V role detected

CPU: total 6 (initial active 6) (6 cores per cpu, 1 threads per core) family 6 model 158 stepping 10 microcode 0xb4, cx8, cmov, fxsr, mmx, 3dnowpref, sse, sse2, sse3, ssse3, sse4.1, sse4.2, popcnt, lzcnt, tsc, tscinvbit, avx, avx2, aes, erms, clmul, bmi1, bmi2, rtm, adx, fma, vzeroupper, clflush, clflushopt, hv

Memory: 4k page, system-wide physical 7971M (911M free)
TotalPageFile size 12062M (AvailPageFile size 50M)
current process WorkingSet (physical memory assigned to process): 11M, peak: 11M
current process commit charge ("private bytes"): 51M, peak: 177M

vm_info: Java HotSpot(TM) 64-Bit Server VM (17.0.8+9-LTS-211) for windows-amd64 JRE (17.0.8+9-LTS-211), built on Jun 14 2023 10:34:31 by "mach5one" with MS VC++ 17.1 (VS2022)

END.
