#
# There is insufficient memory for the Java Runtime Environment to continue.
# Native memory allocation (malloc) failed to allocate 1600032 bytes for Chunk::new
# Possible reasons:
#   The system is out of physical RAM or swap space
#   The process is running with CompressedOops enabled, and the Java Heap may be blocking the growth of the native heap
# Possible solutions:
#   Reduce memory load on the system
#   Increase physical memory or swap space
#   Check if swap backing store is full
#   Decrease Java heap size (-Xmx/-Xms)
#   Decrease number of Java threads
#   Decrease Java thread stack sizes (-Xss)
#   Set larger code cache with -XX:ReservedCodeCacheSize=
#   JVM is running with Unscaled Compressed Oops mode in which the Java heap is
#     placed in the first 4GB address space. The Java Heap base address is the
#     maximum limit for the native heap growth. Please use -XX:HeapBaseMinAddress
#     to set the Java Heap base and to place the Java Heap above 4GB virtual address.
# This output file may be truncated or incomplete.
#
#  Out of Memory Error (arena.cpp:189), pid=14348, tid=12636
#
# JRE version: Java(TM) SE Runtime Environment (17.0.8+9) (build 17.0.8+9-LTS-211)
# Java VM: Java HotSpot(TM) 64-Bit Server VM (17.0.8+9-LTS-211, mixed mode, sharing, tiered, compressed oops, compressed class ptrs, g1 gc, windows-amd64)
# No core dump will be written. Minidumps are not enabled by default on client versions of Windows
#

---------------  S U M M A R Y ------------

Command Line: -Dfile.encoding=UTF-8 -Dstdout.encoding=UTF-8 -Dstderr.encoding=UTF-8 -XX:+ShowCodeDetailsInExceptionMessages com.example.demo.DemoApplication

Host: Intel(R) Core(TM) i5-8500T CPU @ 2.10GHz, 6 cores, 7G,  Windows 10 , 64 bit Build 19041 (10.0.19041.4842)
Time: Fri Sep 13 14:32:55 2024 Hora oficial do Brasil elapsed time: 4.641590 seconds (0d 0h 0m 4s)

---------------  T H R E A D  ---------------

Current thread (0x0000024ede403bc0):  JavaThread "C2 CompilerThread1" daemon [_thread_in_native, id=12636, stack(0x000000a22b800000,0x000000a22b900000)]


Current CompileTask:
C2:   4641 4147       4       jdk.internal.loader.BuiltinClassLoader::defineClass (121 bytes)

Stack: [0x000000a22b800000,0x000000a22b900000]
Native frames: (J=compiled Java code, j=interpreted, Vv=VM code, C=native code)
V  [jvm.dll+0x677d0a]
V  [jvm.dll+0x7d8c54]
V  [jvm.dll+0x7da3fe]
V  [jvm.dll+0x7daa63]
V  [jvm.dll+0x245c5f]
V  [jvm.dll+0xaaa6b]
V  [jvm.dll+0xab00c]
V  [jvm.dll+0x361e8e]
V  [jvm.dll+0x1bba6a]
V  [jvm.dll+0x218157]
V  [jvm.dll+0x217431]
V  [jvm.dll+0x1a3af0]
V  [jvm.dll+0x2270be]
V  [jvm.dll+0x22535b]
V  [jvm.dll+0x78e7bc]
V  [jvm.dll+0x788bba]
V  [jvm.dll+0x676b35]
C  [ucrtbase.dll+0x21bb2]
C  [KERNEL32.DLL+0x17374]
C  [ntdll.dll+0x4cc91]


---------------  P R O C E S S  ---------------

Threads class SMR info:
_java_thread_list=0x0000024f2561e5d0, length=20, elements={
0x0000024ec0446100, 0x0000024ede0047f0, 0x0000024ede005570, 0x0000024ede018dd0,
0x0000024ede019690, 0x0000024ede019f50, 0x0000024ede01a810, 0x0000024ede026910,
0x0000024ede028220, 0x0000024ede02ab30, 0x0000024ede277d40, 0x0000024ede28dbc0,
0x0000024ede403bc0, 0x0000024eded2e0d0, 0x0000024eded2e5a0, 0x0000024f26d0e010,
0x0000024f25a4e1a0, 0x0000024f25b1ad10, 0x0000024f2445b5b0, 0x0000024f243e7cb0
}

Java Threads: ( => current thread )
  0x0000024ec0446100 JavaThread "main" [_thread_blocked, id=14520, stack(0x000000a22a500000,0x000000a22a600000)]
  0x0000024ede0047f0 JavaThread "Reference Handler" daemon [_thread_blocked, id=13972, stack(0x000000a22ac00000,0x000000a22ad00000)]
  0x0000024ede005570 JavaThread "Finalizer" daemon [_thread_blocked, id=22848, stack(0x000000a22ad00000,0x000000a22ae00000)]
  0x0000024ede018dd0 JavaThread "Signal Dispatcher" daemon [_thread_blocked, id=16340, stack(0x000000a22ae00000,0x000000a22af00000)]
  0x0000024ede019690 JavaThread "Attach Listener" daemon [_thread_blocked, id=22072, stack(0x000000a22af00000,0x000000a22b000000)]
  0x0000024ede019f50 JavaThread "Service Thread" daemon [_thread_blocked, id=8540, stack(0x000000a22b000000,0x000000a22b100000)]
  0x0000024ede01a810 JavaThread "Monitor Deflation Thread" daemon [_thread_blocked, id=18240, stack(0x000000a22b100000,0x000000a22b200000)]
  0x0000024ede026910 JavaThread "C2 CompilerThread0" daemon [_thread_in_native, id=21264, stack(0x000000a22b200000,0x000000a22b300000)]
  0x0000024ede028220 JavaThread "C1 CompilerThread0" daemon [_thread_blocked, id=14608, stack(0x000000a22b300000,0x000000a22b400000)]
  0x0000024ede02ab30 JavaThread "Sweeper thread" daemon [_thread_blocked, id=20680, stack(0x000000a22b400000,0x000000a22b500000)]
  0x0000024ede277d40 JavaThread "Notification Thread" daemon [_thread_blocked, id=3352, stack(0x000000a22b500000,0x000000a22b600000)]
  0x0000024ede28dbc0 JavaThread "Common-Cleaner" daemon [_thread_blocked, id=15408, stack(0x000000a22b700000,0x000000a22b800000)]
=>0x0000024ede403bc0 JavaThread "C2 CompilerThread1" daemon [_thread_in_native, id=12636, stack(0x000000a22b800000,0x000000a22b900000)]
  0x0000024eded2e0d0 JavaThread "Thread-0" [_thread_blocked, id=20140, stack(0x000000a22b900000,0x000000a22ba00000)]
  0x0000024eded2e5a0 JavaThread "restartedMain" [_thread_in_vm, id=22540, stack(0x000000a22ba00000,0x000000a22bb00000)]
  0x0000024f26d0e010 JavaThread "HikariPool-1 housekeeper" daemon [_thread_blocked, id=19532, stack(0x000000a22c200000,0x000000a22c300000)]
  0x0000024f25a4e1a0 JavaThread "Catalina-utility-1" [_thread_blocked, id=5668, stack(0x000000a22c300000,0x000000a22c400000)]
  0x0000024f25b1ad10 JavaThread "Catalina-utility-2" [_thread_blocked, id=17500, stack(0x000000a22c400000,0x000000a22c500000)]
  0x0000024f2445b5b0 JavaThread "container-0" [_thread_blocked, id=15556, stack(0x000000a22c500000,0x000000a22c600000)]
  0x0000024f243e7cb0 JavaThread "HikariPool-1 connection adder" daemon [_thread_blocked, id=9648, stack(0x000000a22c600000,0x000000a22c700000)]

Other Threads:
  0x0000024ede000cf0 VMThread "VM Thread" [stack: 0x000000a22ab00000,0x000000a22ac00000] [id=4816]
  0x0000024ec04cb3c0 WatcherThread [stack: 0x000000a22b600000,0x000000a22b700000] [id=22548]
  0x0000024ec049e9e0 GCTaskThread "GC Thread#0" [stack: 0x000000a22a600000,0x000000a22a700000] [id=22260]
  0x0000024f24099a00 GCTaskThread "GC Thread#1" [stack: 0x000000a22bb00000,0x000000a22bc00000] [id=17164]
  0x0000024f24099cb0 GCTaskThread "GC Thread#2" [stack: 0x000000a22bc00000,0x000000a22bd00000] [id=18236]
  0x0000024f24099f60 GCTaskThread "GC Thread#3" [stack: 0x000000a22bd00000,0x000000a22be00000] [id=12708]
  0x0000024f2409a210 GCTaskThread "GC Thread#4" [stack: 0x000000a22be00000,0x000000a22bf00000] [id=8072]
  0x0000024ede950370 GCTaskThread "GC Thread#5" [stack: 0x000000a22bf00000,0x000000a22c000000] [id=10728]
  0x0000024ec04b0920 ConcurrentGCThread "G1 Main Marker" [stack: 0x000000a22a700000,0x000000a22a800000] [id=7884]
  0x0000024ec04b2250 ConcurrentGCThread "G1 Conc#0" [stack: 0x000000a22a800000,0x000000a22a900000] [id=7020]
  0x0000024f24741d00 ConcurrentGCThread "G1 Conc#1" [stack: 0x000000a22c000000,0x000000a22c100000] [id=14648]
  0x0000024ec050dad0 ConcurrentGCThread "G1 Refine#0" [stack: 0x000000a22a900000,0x000000a22aa00000] [id=20208]
  0x0000024f2560a0a0 ConcurrentGCThread "G1 Refine#1" [stack: 0x000000a22c100000,0x000000a22c200000] [id=15976]
  0x0000024ec050e400 ConcurrentGCThread "G1 Service" [stack: 0x000000a22aa00000,0x000000a22ab00000] [id=6384]

Threads with active compile tasks:
C2 CompilerThread0     4667 4164       4       java.lang.ClassLoader::defineClass (43 bytes)
C2 CompilerThread1     4667 4147       4       jdk.internal.loader.BuiltinClassLoader::defineClass (121 bytes)

VM state: not at safepoint (normal execution)

VM Mutex/Monitor currently owned by a thread: None

Heap address: 0x0000000083600000, size: 1994 MB, Compressed Oops mode: 32-bit

CDS archive(s) mapped at: [0x0000024edf000000-0x0000024edfbd0000-0x0000024edfbd0000), size 12386304, SharedBaseAddress: 0x0000024edf000000, ArchiveRelocationMode: 1.
Compressed class space mapped at: 0x0000024ee0000000-0x0000024f20000000, reserved size: 1073741824
Narrow klass base: 0x0000024edf000000, Narrow klass shift: 0, Narrow klass range: 0x100000000

GC Precious Log:
 CPUs: 6 total, 6 available
 Memory: 7971M
 Large Page Support: Disabled
 NUMA Support: Disabled
 Compressed Oops: Enabled (32-bit)
 Heap Region Size: 1M
 Heap Min Capacity: 8M
 Heap Initial Capacity: 126M
 Heap Max Capacity: 1994M
 Pre-touch: Disabled
 Parallel Workers: 6
 Concurrent Workers: 2
 Concurrent Refinement Workers: 6
 Periodic GC: Disabled

Heap:
 garbage-first heap   total 81920K, used 45504K [0x0000000083600000, 0x0000000100000000)
  region size 1024K, 28 young (28672K), 1 survivors (1024K)
 Metaspace       used 48751K, committed 49152K, reserved 1114112K
  class space    used 6495K, committed 6656K, reserved 1048576K

Heap Regions: E=young(eden), S=young(survivor), O=old, HS=humongous(starts), HC=humongous(continues), CS=collection set, F=free, OA=open archive, CA=closed archive, TAMS=top-at-mark-start (previous, next)
|   0|0x0000000083600000, 0x0000000083700000, 0x0000000083700000|100%|HS|  |TAMS 0x0000000083700000, 0x0000000083600000| Complete 
|   1|0x0000000083700000, 0x0000000083800000, 0x0000000083800000|100%| O|  |TAMS 0x0000000083800000, 0x0000000083700000| Untracked 
|   2|0x0000000083800000, 0x0000000083900000, 0x0000000083900000|100%| O|  |TAMS 0x0000000083900000, 0x0000000083800000| Untracked 
|   3|0x0000000083900000, 0x0000000083a00000, 0x0000000083a00000|100%| O|  |TAMS 0x0000000083a00000, 0x0000000083900000| Untracked 
|   4|0x0000000083a00000, 0x0000000083b00000, 0x0000000083b00000|100%| O|  |TAMS 0x0000000083b00000, 0x0000000083a00000| Untracked 
|   5|0x0000000083b00000, 0x0000000083c00000, 0x0000000083c00000|100%| O|  |TAMS 0x0000000083c00000, 0x0000000083b00000| Untracked 
|   6|0x0000000083c00000, 0x0000000083d00000, 0x0000000083d00000|100%| O|  |TAMS 0x0000000083c00000, 0x0000000083c00000| Untracked 
|   7|0x0000000083d00000, 0x0000000083e00000, 0x0000000083e00000|100%| O|  |TAMS 0x0000000083e00000, 0x0000000083d00000| Untracked 
|   8|0x0000000083e00000, 0x0000000083f00000, 0x0000000083f00000|100%| O|  |TAMS 0x0000000083f00000, 0x0000000083e00000| Untracked 
|   9|0x0000000083f00000, 0x0000000084000000, 0x0000000084000000|100%| O|  |TAMS 0x0000000084000000, 0x0000000083f00000| Untracked 
|  10|0x0000000084000000, 0x0000000084100000, 0x0000000084100000|100%| O|  |TAMS 0x0000000084100000, 0x0000000084000000| Untracked 
|  11|0x0000000084100000, 0x0000000084200000, 0x0000000084200000|100%| O|  |TAMS 0x0000000084200000, 0x0000000084100000| Untracked 
|  12|0x0000000084200000, 0x0000000084300000, 0x0000000084300000|100%| O|  |TAMS 0x0000000084300000, 0x0000000084200000| Untracked 
|  13|0x0000000084300000, 0x0000000084400000, 0x0000000084400000|100%| O|  |TAMS 0x0000000084400000, 0x0000000084300000| Untracked 
|  14|0x0000000084400000, 0x0000000084500000, 0x0000000084500000|100%| O|  |TAMS 0x0000000084500000, 0x0000000084400000| Untracked 
|  15|0x0000000084500000, 0x0000000084600000, 0x0000000084600000|100%| O|  |TAMS 0x0000000084600000, 0x0000000084500000| Untracked 
|  16|0x0000000084600000, 0x0000000084600000, 0x0000000084700000|  0%| F|  |TAMS 0x0000000084600000, 0x0000000084600000| Untracked 
|  17|0x0000000084700000, 0x0000000084800000, 0x0000000084800000|100%| O|  |TAMS 0x0000000084700000, 0x0000000084700000| Untracked 
|  18|0x0000000084800000, 0x0000000084900000, 0x0000000084900000|100%| O|  |TAMS 0x0000000084800000, 0x0000000084800000| Untracked 
|  19|0x0000000084900000, 0x0000000084a00000, 0x0000000084a00000|100%| O|  |TAMS 0x0000000084900000, 0x0000000084900000| Untracked 
|  20|0x0000000084a00000, 0x0000000084a32a00, 0x0000000084b00000| 19%| O|  |TAMS 0x0000000084a00000, 0x0000000084a00000| Untracked 
|  21|0x0000000084b00000, 0x0000000084b00000, 0x0000000084c00000|  0%| F|  |TAMS 0x0000000084b00000, 0x0000000084b00000| Untracked 
|  22|0x0000000084c00000, 0x0000000084c00000, 0x0000000084d00000|  0%| F|  |TAMS 0x0000000084c00000, 0x0000000084c00000| Untracked 
|  23|0x0000000084d00000, 0x0000000084d00000, 0x0000000084e00000|  0%| F|  |TAMS 0x0000000084d00000, 0x0000000084d00000| Untracked 
|  24|0x0000000084e00000, 0x0000000084e00000, 0x0000000084f00000|  0%| F|  |TAMS 0x0000000084e00000, 0x0000000084e00000| Untracked 
|  25|0x0000000084f00000, 0x0000000084f00000, 0x0000000085000000|  0%| F|  |TAMS 0x0000000084f00000, 0x0000000084f00000| Untracked 
|  26|0x0000000085000000, 0x0000000085000000, 0x0000000085100000|  0%| F|  |TAMS 0x0000000085000000, 0x0000000085000000| Untracked 
|  27|0x0000000085100000, 0x0000000085100000, 0x0000000085200000|  0%| F|  |TAMS 0x0000000085100000, 0x0000000085100000| Untracked 
|  28|0x0000000085200000, 0x0000000085200000, 0x0000000085300000|  0%| F|  |TAMS 0x0000000085200000, 0x0000000085200000| Untracked 
|  29|0x0000000085300000, 0x0000000085300000, 0x0000000085400000|  0%| F|  |TAMS 0x0000000085300000, 0x0000000085300000| Untracked 
|  30|0x0000000085400000, 0x0000000085400000, 0x0000000085500000|  0%| F|  |TAMS 0x0000000085400000, 0x0000000085400000| Untracked 
|  31|0x0000000085500000, 0x0000000085500000, 0x0000000085600000|  0%| F|  |TAMS 0x0000000085500000, 0x0000000085500000| Untracked 
|  32|0x0000000085600000, 0x0000000085600000, 0x0000000085700000|  0%| F|  |TAMS 0x0000000085600000, 0x0000000085600000| Untracked 
|  33|0x0000000085700000, 0x0000000085700000, 0x0000000085800000|  0%| F|  |TAMS 0x0000000085700000, 0x0000000085700000| Untracked 
|  34|0x0000000085800000, 0x0000000085800000, 0x0000000085900000|  0%| F|  |TAMS 0x0000000085800000, 0x0000000085800000| Untracked 
|  35|0x0000000085900000, 0x0000000085900000, 0x0000000085a00000|  0%| F|  |TAMS 0x0000000085900000, 0x0000000085900000| Untracked 
|  36|0x0000000085a00000, 0x0000000085a00000, 0x0000000085b00000|  0%| F|  |TAMS 0x0000000085a00000, 0x0000000085a00000| Untracked 
|  37|0x0000000085b00000, 0x0000000085b00000, 0x0000000085c00000|  0%| F|  |TAMS 0x0000000085b00000, 0x0000000085b00000| Untracked 
|  38|0x0000000085c00000, 0x0000000085c00000, 0x0000000085d00000|  0%| F|  |TAMS 0x0000000085c00000, 0x0000000085c00000| Untracked 
|  39|0x0000000085d00000, 0x0000000085d00000, 0x0000000085e00000|  0%| F|  |TAMS 0x0000000085d00000, 0x0000000085d00000| Untracked 
|  40|0x0000000085e00000, 0x0000000085e00000, 0x0000000085f00000|  0%| F|  |TAMS 0x0000000085e00000, 0x0000000085e00000| Untracked 
|  41|0x0000000085f00000, 0x0000000085f00000, 0x0000000086000000|  0%| F|  |TAMS 0x0000000085f00000, 0x0000000085f00000| Untracked 
|  42|0x0000000086000000, 0x0000000086000000, 0x0000000086100000|  0%| F|  |TAMS 0x0000000086000000, 0x0000000086000000| Untracked 
|  43|0x0000000086100000, 0x0000000086100000, 0x0000000086200000|  0%| F|  |TAMS 0x0000000086100000, 0x0000000086100000| Untracked 
|  44|0x0000000086200000, 0x0000000086200000, 0x0000000086300000|  0%| F|  |TAMS 0x0000000086200000, 0x0000000086200000| Untracked 
|  45|0x0000000086300000, 0x0000000086300000, 0x0000000086400000|  0%| F|  |TAMS 0x0000000086300000, 0x0000000086300000| Untracked 
|  46|0x0000000086400000, 0x0000000086400000, 0x0000000086500000|  0%| F|  |TAMS 0x0000000086400000, 0x0000000086400000| Untracked 
|  47|0x0000000086500000, 0x0000000086500000, 0x0000000086600000|  0%| F|  |TAMS 0x0000000086500000, 0x0000000086500000| Untracked 
|  48|0x0000000086600000, 0x0000000086600000, 0x0000000086700000|  0%| F|  |TAMS 0x0000000086600000, 0x0000000086600000| Untracked 
|  49|0x0000000086700000, 0x0000000086700000, 0x0000000086800000|  0%| F|  |TAMS 0x0000000086700000, 0x0000000086700000| Untracked 
|  50|0x0000000086800000, 0x0000000086800000, 0x0000000086900000|  0%| F|  |TAMS 0x0000000086800000, 0x0000000086800000| Untracked 
|  51|0x0000000086900000, 0x0000000086900000, 0x0000000086a00000|  0%| F|  |TAMS 0x0000000086900000, 0x0000000086900000| Untracked 
|  52|0x0000000086a00000, 0x0000000086b00000, 0x0000000086b00000|100%| E|  |TAMS 0x0000000086a00000, 0x0000000086a00000| Complete 
|  53|0x0000000086b00000, 0x0000000086c00000, 0x0000000086c00000|100%| E|CS|TAMS 0x0000000086b00000, 0x0000000086b00000| Complete 
|  54|0x0000000086c00000, 0x0000000086d00000, 0x0000000086d00000|100%| E|CS|TAMS 0x0000000086c00000, 0x0000000086c00000| Complete 
|  55|0x0000000086d00000, 0x0000000086e00000, 0x0000000086e00000|100%| E|CS|TAMS 0x0000000086d00000, 0x0000000086d00000| Complete 
|  56|0x0000000086e00000, 0x0000000086f00000, 0x0000000086f00000|100%| E|CS|TAMS 0x0000000086e00000, 0x0000000086e00000| Complete 
|  57|0x0000000086f00000, 0x0000000087000000, 0x0000000087000000|100%| E|  |TAMS 0x0000000086f00000, 0x0000000086f00000| Complete 
|  58|0x0000000087000000, 0x0000000087100000, 0x0000000087100000|100%| E|CS|TAMS 0x0000000087000000, 0x0000000087000000| Complete 
|  59|0x0000000087100000, 0x0000000087200000, 0x0000000087200000|100%| E|CS|TAMS 0x0000000087100000, 0x0000000087100000| Complete 
|  60|0x0000000087200000, 0x0000000087300000, 0x0000000087300000|100%| E|CS|TAMS 0x0000000087200000, 0x0000000087200000| Complete 
|  61|0x0000000087300000, 0x0000000087400000, 0x0000000087400000|100%| E|CS|TAMS 0x0000000087300000, 0x0000000087300000| Complete 
|  62|0x0000000087400000, 0x0000000087500000, 0x0000000087500000|100%| E|CS|TAMS 0x0000000087400000, 0x0000000087400000| Complete 
|  63|0x0000000087500000, 0x0000000087600000, 0x0000000087600000|100%| E|CS|TAMS 0x0000000087500000, 0x0000000087500000| Complete 
|  64|0x0000000087600000, 0x0000000087700000, 0x0000000087700000|100%| E|CS|TAMS 0x0000000087600000, 0x0000000087600000| Complete 
|  65|0x0000000087700000, 0x0000000087800000, 0x0000000087800000|100%| E|CS|TAMS 0x0000000087700000, 0x0000000087700000| Complete 
|  66|0x0000000087800000, 0x0000000087900000, 0x0000000087900000|100%| E|CS|TAMS 0x0000000087800000, 0x0000000087800000| Complete 
|  67|0x0000000087900000, 0x0000000087a00000, 0x0000000087a00000|100%| E|CS|TAMS 0x0000000087900000, 0x0000000087900000| Complete 
|  68|0x0000000087a00000, 0x0000000087b00000, 0x0000000087b00000|100%| E|CS|TAMS 0x0000000087a00000, 0x0000000087a00000| Complete 
|  69|0x0000000087b00000, 0x0000000087c00000, 0x0000000087c00000|100%| E|CS|TAMS 0x0000000087b00000, 0x0000000087b00000| Complete 
|  70|0x0000000087c00000, 0x0000000087d00000, 0x0000000087d00000|100%| E|CS|TAMS 0x0000000087c00000, 0x0000000087c00000| Complete 
|  71|0x0000000087d00000, 0x0000000087e00000, 0x0000000087e00000|100%| E|CS|TAMS 0x0000000087d00000, 0x0000000087d00000| Complete 
|  72|0x0000000087e00000, 0x0000000087f00000, 0x0000000087f00000|100%| E|CS|TAMS 0x0000000087e00000, 0x0000000087e00000| Complete 
|  73|0x0000000087f00000, 0x0000000088000000, 0x0000000088000000|100%| E|CS|TAMS 0x0000000087f00000, 0x0000000087f00000| Complete 
|  74|0x0000000088000000, 0x0000000088100000, 0x0000000088100000|100%| E|CS|TAMS 0x0000000088000000, 0x0000000088000000| Complete 
|  75|0x0000000088100000, 0x0000000088200000, 0x0000000088200000|100%| E|CS|TAMS 0x0000000088100000, 0x0000000088100000| Complete 
|  76|0x0000000088200000, 0x0000000088300000, 0x0000000088300000|100%| E|CS|TAMS 0x0000000088200000, 0x0000000088200000| Complete 
|  77|0x0000000088300000, 0x000000008833d8f0, 0x0000000088400000| 24%| S|CS|TAMS 0x0000000088300000, 0x0000000088300000| Complete 
|  78|0x0000000088400000, 0x0000000088500000, 0x0000000088500000|100%| E|CS|TAMS 0x0000000088400000, 0x0000000088400000| Complete 
| 125|0x000000008b300000, 0x000000008b400000, 0x000000008b400000|100%| E|CS|TAMS 0x000000008b300000, 0x000000008b300000| Complete 

Card table byte_map: [0x0000024ed71e0000,0x0000024ed75d0000] _byte_map_base: 0x0000024ed6dc5000

Marking Bits (Prev, Next): (CMBitMap*) 0x0000024ec049ff10, (CMBitMap*) 0x0000024ec049ff50
 Prev Bits: [0x0000024ed79c0000, 0x0000024ed98e8000)
 Next Bits: [0x0000024ed98f0000, 0x0000024edb818000)

Polling page: 0x0000024ebe3d0000

Metaspace:

Usage:
  Non-class:     41.27 MB used.
      Class:      6.35 MB used.
       Both:     47.62 MB used.

Virtual space:
  Non-class space:       64.00 MB reserved,      41.50 MB ( 65%) committed,  1 nodes.
      Class space:        1.00 GB reserved,       6.50 MB ( <1%) committed,  1 nodes.
             Both:        1.06 GB reserved,      48.00 MB (  4%) committed. 

Chunk freelists:
   Non-Class:  5.83 MB
       Class:  9.50 MB
        Both:  15.33 MB

MaxMetaspaceSize: unlimited
CompressedClassSpaceSize: 1.00 GB
Initial GC threshold: 21.00 MB
Current GC threshold: 59.00 MB
CDS: on
MetaspaceReclaimPolicy: balanced
 - commit_granule_bytes: 65536.
 - commit_granule_words: 8192.
 - virtual_space_node_default_size: 8388608.
 - enlarge_chunks_in_place: 1.
 - new_chunks_are_fully_committed: 0.
 - uncommit_free_chunks: 1.
 - use_allocation_guard: 0.
 - handle_deallocations: 1.


Internal statistics:

num_allocs_failed_limit: 6.
num_arena_births: 584.
num_arena_deaths: 0.
num_vsnodes_births: 2.
num_vsnodes_deaths: 0.
num_space_committed: 768.
num_space_uncommitted: 0.
num_chunks_returned_to_freelist: 6.
num_chunks_taken_from_freelist: 2333.
num_chunk_merges: 6.
num_chunk_splits: 1708.
num_chunks_enlarged: 1344.
num_purges: 0.
num_inconsistent_stats: 0.

CodeHeap 'non-profiled nmethods': size=120000Kb used=2468Kb max_used=2468Kb free=117531Kb
 bounds [0x0000024ecf7b0000, 0x0000024ecfa20000, 0x0000024ed6ce0000]
CodeHeap 'profiled nmethods': size=120000Kb used=9040Kb max_used=9040Kb free=110959Kb
 bounds [0x0000024ec7ce0000, 0x0000024ec85c0000, 0x0000024ecf210000]
CodeHeap 'non-nmethods': size=5760Kb used=1314Kb max_used=1329Kb free=4445Kb
 bounds [0x0000024ecf210000, 0x0000024ecf480000, 0x0000024ecf7b0000]
 total_blobs=4750 nmethods=4160 adapters=498
 compilation: enabled
              stopped_count=0, restarted_count=0
 full_count=0

Compilation events (20 events):
Event: 4.494 Thread 0x0000024ede028220 nmethod 4162 0x0000024ec85b2c10 code [0x0000024ec85b2dc0, 0x0000024ec85b2fb8]
Event: 4.494 Thread 0x0000024ede026910 4157       4       java.lang.String::toLowerCase (29 bytes)
Event: 4.504 Thread 0x0000024ede026910 nmethod 4157 0x0000024ecfa16690 code [0x0000024ecfa16840, 0x0000024ecfa17138]
Event: 4.504 Thread 0x0000024ede026910 4163       4       java.util.AbstractCollection::<init> (5 bytes)
Event: 4.504 Thread 0x0000024ede026910 nmethod 4163 0x0000024ecfa17590 code [0x0000024ecfa17700, 0x0000024ecfa17778]
Event: 4.505 Thread 0x0000024ede026910 4153       4       java.util.concurrent.ConcurrentHashMap::put (8 bytes)
Event: 4.505 Thread 0x0000024ede026910 nmethod 4153 0x0000024ecfa17890 code [0x0000024ecfa17a20, 0x0000024ecfa17ac8]
Event: 4.505 Thread 0x0000024ede026910 4150       4       java.io.File::isInvalid (47 bytes)
Event: 4.507 Thread 0x0000024ede026910 nmethod 4150 0x0000024ecfa17b90 code [0x0000024ecfa17d20, 0x0000024ecfa17fd8]
Event: 4.507 Thread 0x0000024ede026910 4152       4       jdk.internal.ref.CleanerImpl$PhantomCleanableRef::performCleanup (10 bytes)
Event: 4.507 Thread 0x0000024ede026910 nmethod 4152 0x0000024ecfa18190 code [0x0000024ecfa18300, 0x0000024ecfa18398]
Event: 4.507 Thread 0x0000024ede026910 4149       4       java.security.CodeSource::matchCerts (254 bytes)
Event: 4.508 Thread 0x0000024ede026910 nmethod 4149 0x0000024ecfa18490 code [0x0000024ecfa18620, 0x0000024ecfa18758]
Event: 4.508 Thread 0x0000024ede026910 4148       4       java.security.SecureClassLoader$CodeSourceKey::equals (60 bytes)
Event: 4.512 Thread 0x0000024ede026910 nmethod 4148 0x0000024ecfa18890 code [0x0000024ecfa18a20, 0x0000024ecfa18d18]
Event: 4.540 Thread 0x0000024ede026910 4164       4       java.lang.ClassLoader::defineClass (43 bytes)
Event: 4.594 Thread 0x0000024ede028220 4168       1       org.hibernate.service.spi.ServiceBinding::getService (5 bytes)
Event: 4.594 Thread 0x0000024ede028220 nmethod 4168 0x0000024ecfa18f90 code [0x0000024ecfa19120, 0x0000024ecfa191f8]
Event: 4.609 Thread 0x0000024ede028220 4169       3       java.lang.Class::getConstructor (31 bytes)
Event: 4.610 Thread 0x0000024ede028220 nmethod 4169 0x0000024ec85b3090 code [0x0000024ec85b3300, 0x0000024ec85b3c78]

GC Heap History (20 events):
Event: 0.594 GC heap before
{Heap before GC invocations=0 (full 0):
 garbage-first heap   total 129024K, used 21504K [0x0000000083600000, 0x0000000100000000)
  region size 1024K, 21 young (21504K), 0 survivors (0K)
 Metaspace       used 4661K, committed 4864K, reserved 1114112K
  class space    used 530K, committed 640K, reserved 1048576K
}
Event: 0.597 GC heap after
{Heap after GC invocations=1 (full 0):
 garbage-first heap   total 129024K, used 6509K [0x0000000083600000, 0x0000000100000000)
  region size 1024K, 3 young (3072K), 3 survivors (3072K)
 Metaspace       used 4661K, committed 4864K, reserved 1114112K
  class space    used 530K, committed 640K, reserved 1048576K
}
Event: 1.024 GC heap before
{Heap before GC invocations=1 (full 0):
 garbage-first heap   total 129024K, used 30061K [0x0000000083600000, 0x0000000100000000)
  region size 1024K, 26 young (26624K), 3 survivors (3072K)
 Metaspace       used 10704K, committed 10944K, reserved 1114112K
  class space    used 1293K, committed 1408K, reserved 1048576K
}
Event: 1.028 GC heap after
{Heap after GC invocations=2 (full 0):
 garbage-first heap   total 129024K, used 8486K [0x0000000083600000, 0x0000000100000000)
  region size 1024K, 2 young (2048K), 2 survivors (2048K)
 Metaspace       used 10704K, committed 10944K, reserved 1114112K
  class space    used 1293K, committed 1408K, reserved 1048576K
}
Event: 2.111 GC heap before
{Heap before GC invocations=2 (full 0):
 garbage-first heap   total 129024K, used 70950K [0x0000000083600000, 0x0000000100000000)
  region size 1024K, 64 young (65536K), 2 survivors (2048K)
 Metaspace       used 21287K, committed 21504K, reserved 1114112K
  class space    used 2642K, committed 2752K, reserved 1048576K
}
Event: 2.117 GC heap after
{Heap after GC invocations=3 (full 0):
 garbage-first heap   total 129024K, used 13811K [0x0000000083600000, 0x0000000100000000)
  region size 1024K, 7 young (7168K), 7 survivors (7168K)
 Metaspace       used 21287K, committed 21504K, reserved 1114112K
  class space    used 2642K, committed 2752K, reserved 1048576K
}
Event: 2.673 GC heap before
{Heap before GC invocations=4 (full 0):
 garbage-first heap   total 51200K, used 37363K [0x0000000083600000, 0x0000000100000000)
  region size 1024K, 30 young (30720K), 7 survivors (7168K)
 Metaspace       used 25151K, committed 25472K, reserved 1114112K
  class space    used 3248K, committed 3392K, reserved 1048576K
}
Event: 2.681 GC heap after
{Heap after GC invocations=5 (full 0):
 garbage-first heap   total 51200K, used 16231K [0x0000000083600000, 0x0000000100000000)
  region size 1024K, 3 young (3072K), 3 survivors (3072K)
 Metaspace       used 25151K, committed 25472K, reserved 1114112K
  class space    used 3248K, committed 3392K, reserved 1048576K
}
Event: 2.700 GC heap before
{Heap before GC invocations=5 (full 0):
 garbage-first heap   total 51200K, used 16231K [0x0000000083600000, 0x0000000100000000)
  region size 1024K, 4 young (4096K), 3 survivors (3072K)
 Metaspace       used 25211K, committed 25536K, reserved 1114112K
  class space    used 3255K, committed 3392K, reserved 1048576K
}
Event: 2.704 GC heap after
{Heap after GC invocations=6 (full 0):
 garbage-first heap   total 51200K, used 16423K [0x0000000083600000, 0x0000000100000000)
  region size 1024K, 1 young (1024K), 1 survivors (1024K)
 Metaspace       used 25211K, committed 25536K, reserved 1114112K
  class space    used 3255K, committed 3392K, reserved 1048576K
}
Event: 3.107 GC heap before
{Heap before GC invocations=6 (full 0):
 garbage-first heap   total 51200K, used 35879K [0x0000000083600000, 0x0000000100000000)
  region size 1024K, 20 young (20480K), 1 survivors (1024K)
 Metaspace       used 28993K, committed 29440K, reserved 1114112K
  class space    used 3639K, committed 3840K, reserved 1048576K
}
Event: 3.109 GC heap after
{Heap after GC invocations=7 (full 0):
 garbage-first heap   total 51200K, used 17421K [0x0000000083600000, 0x0000000100000000)
  region size 1024K, 2 young (2048K), 2 survivors (2048K)
 Metaspace       used 28993K, committed 29440K, reserved 1114112K
  class space    used 3639K, committed 3840K, reserved 1048576K
}
Event: 3.485 GC heap before
{Heap before GC invocations=7 (full 0):
 garbage-first heap   total 51200K, used 36877K [0x0000000083600000, 0x0000000100000000)
  region size 1024K, 21 young (21504K), 2 survivors (2048K)
 Metaspace       used 34107K, committed 34560K, reserved 1114112K
  class space    used 4262K, committed 4480K, reserved 1048576K
}
Event: 3.488 GC heap after
{Heap after GC invocations=8 (full 0):
 garbage-first heap   total 51200K, used 18811K [0x0000000083600000, 0x0000000100000000)
  region size 1024K, 3 young (3072K), 3 survivors (3072K)
 Metaspace       used 34107K, committed 34560K, reserved 1114112K
  class space    used 4262K, committed 4480K, reserved 1048576K
}
Event: 3.627 GC heap before
{Heap before GC invocations=8 (full 0):
 garbage-first heap   total 51200K, used 24955K [0x0000000083600000, 0x0000000100000000)
  region size 1024K, 10 young (10240K), 3 survivors (3072K)
 Metaspace       used 35595K, committed 35968K, reserved 1114112K
  class space    used 4486K, committed 4672K, reserved 1048576K
}
Event: 3.631 GC heap after
{Heap after GC invocations=9 (full 0):
 garbage-first heap   total 51200K, used 19110K [0x0000000083600000, 0x0000000100000000)
  region size 1024K, 2 young (2048K), 2 survivors (2048K)
 Metaspace       used 35595K, committed 35968K, reserved 1114112K
  class space    used 4486K, committed 4672K, reserved 1048576K
}
Event: 4.036 GC heap before
{Heap before GC invocations=10 (full 0):
 garbage-first heap   total 51200K, used 38566K [0x0000000083600000, 0x0000000100000000)
  region size 1024K, 21 young (21504K), 2 survivors (2048K)
 Metaspace       used 40230K, committed 40640K, reserved 1114112K
  class space    used 5277K, committed 5440K, reserved 1048576K
}
Event: 4.038 GC heap after
{Heap after GC invocations=11 (full 0):
 garbage-first heap   total 81920K, used 20102K [0x0000000083600000, 0x0000000100000000)
  region size 1024K, 2 young (2048K), 2 survivors (2048K)
 Metaspace       used 40230K, committed 40640K, reserved 1114112K
  class space    used 5277K, committed 5440K, reserved 1048576K
}
Event: 4.078 GC heap before
{Heap before GC invocations=11 (full 0):
 garbage-first heap   total 81920K, used 22150K [0x0000000083600000, 0x0000000100000000)
  region size 1024K, 4 young (4096K), 2 survivors (2048K)
 Metaspace       used 40786K, committed 41216K, reserved 1114112K
  class space    used 5356K, committed 5568K, reserved 1048576K
}
Event: 4.080 GC heap after
{Heap after GC invocations=12 (full 0):
 garbage-first heap   total 81920K, used 19904K [0x0000000083600000, 0x0000000100000000)
  region size 1024K, 1 young (1024K), 1 survivors (1024K)
 Metaspace       used 40786K, committed 41216K, reserved 1114112K
  class space    used 5356K, committed 5568K, reserved 1048576K
}

Deoptimization events (20 events):
Event: 3.757 Thread 0x0000024eded2e5a0 Uncommon trap: trap_request=0xffffffbe fr.pc=0x0000024ecf99eccc relative=0x000000000000080c
Event: 3.757 Thread 0x0000024eded2e5a0 Uncommon trap: reason=profile_predicate action=maybe_recompile pc=0x0000024ecf99eccc method=java.lang.PublicMethods$MethodList.filter([Ljava/lang/reflect/Method;Ljava/lang/String;[Ljava/lang/Class;Z)Ljava/lang/PublicMethods$MethodList; @ 21 c2
Event: 3.757 Thread 0x0000024eded2e5a0 DEOPT PACKING pc=0x0000024ecf99eccc sp=0x000000a22bafbd80
Event: 3.757 Thread 0x0000024eded2e5a0 DEOPT UNPACKING pc=0x0000024ecf2623a3 sp=0x000000a22bafbd38 mode 2
Event: 3.757 Thread 0x0000024eded2e5a0 Uncommon trap: trap_request=0xffffffbe fr.pc=0x0000024ecf99eccc relative=0x000000000000080c
Event: 3.757 Thread 0x0000024eded2e5a0 Uncommon trap: reason=profile_predicate action=maybe_recompile pc=0x0000024ecf99eccc method=java.lang.PublicMethods$MethodList.filter([Ljava/lang/reflect/Method;Ljava/lang/String;[Ljava/lang/Class;Z)Ljava/lang/PublicMethods$MethodList; @ 21 c2
Event: 3.757 Thread 0x0000024eded2e5a0 DEOPT PACKING pc=0x0000024ecf99eccc sp=0x000000a22bafbd60
Event: 3.757 Thread 0x0000024eded2e5a0 DEOPT UNPACKING pc=0x0000024ecf2623a3 sp=0x000000a22bafbd18 mode 2
Event: 3.777 Thread 0x0000024eded2e5a0 Uncommon trap: trap_request=0xffffffbe fr.pc=0x0000024ecf99eccc relative=0x000000000000080c
Event: 3.777 Thread 0x0000024eded2e5a0 Uncommon trap: reason=profile_predicate action=maybe_recompile pc=0x0000024ecf99eccc method=java.lang.PublicMethods$MethodList.filter([Ljava/lang/reflect/Method;Ljava/lang/String;[Ljava/lang/Class;Z)Ljava/lang/PublicMethods$MethodList; @ 21 c2
Event: 3.777 Thread 0x0000024eded2e5a0 DEOPT PACKING pc=0x0000024ecf99eccc sp=0x000000a22bafb170
Event: 3.777 Thread 0x0000024eded2e5a0 DEOPT UNPACKING pc=0x0000024ecf2623a3 sp=0x000000a22bafb128 mode 2
Event: 3.777 Thread 0x0000024eded2e5a0 Uncommon trap: trap_request=0xffffffbe fr.pc=0x0000024ecf99eccc relative=0x000000000000080c
Event: 3.777 Thread 0x0000024eded2e5a0 Uncommon trap: reason=profile_predicate action=maybe_recompile pc=0x0000024ecf99eccc method=java.lang.PublicMethods$MethodList.filter([Ljava/lang/reflect/Method;Ljava/lang/String;[Ljava/lang/Class;Z)Ljava/lang/PublicMethods$MethodList; @ 21 c2
Event: 3.777 Thread 0x0000024eded2e5a0 DEOPT PACKING pc=0x0000024ecf99eccc sp=0x000000a22bafb160
Event: 3.777 Thread 0x0000024eded2e5a0 DEOPT UNPACKING pc=0x0000024ecf2623a3 sp=0x000000a22bafb118 mode 2
Event: 4.121 Thread 0x0000024eded2e5a0 Uncommon trap: trap_request=0xffffffde fr.pc=0x0000024ecf943fe4 relative=0x0000000000001344
Event: 4.121 Thread 0x0000024eded2e5a0 Uncommon trap: reason=class_check action=maybe_recompile pc=0x0000024ecf943fe4 method=java.util.concurrent.ConcurrentHashMap.putVal(Ljava/lang/Object;Ljava/lang/Object;Z)Ljava/lang/Object; @ 159 c2
Event: 4.121 Thread 0x0000024eded2e5a0 DEOPT PACKING pc=0x0000024ecf943fe4 sp=0x000000a22bafd850
Event: 4.121 Thread 0x0000024eded2e5a0 DEOPT UNPACKING pc=0x0000024ecf2623a3 sp=0x000000a22bafd7e0 mode 2

Classes unloaded (0 events):
No events

Classes redefined (0 events):
No events

Internal exceptions (20 events):
Event: 2.619 Thread 0x0000024eded2e5a0 Exception <a 'java/lang/NoSuchMethodError'{0x0000000084c81000}: 'java.lang.Object java.lang.invoke.Invokers$Holder.linkToTargetMethod(java.lang.Object, java.lang.Object, int, java.lang.Object)'> (0x0000000084c81000) 
thrown [s\open\src\hotspot\share\interpreter\linkResolver.cpp, line 759]
Event: 2.726 Thread 0x0000024eded2e5a0 Exception <a 'java/lang/NoSuchMethodError'{0x000000008b396318}: 'java.lang.Object java.lang.invoke.DirectMethodHandle$Holder.invokeStaticInit(java.lang.Object, int, int, int, int)'> (0x000000008b396318) 
thrown [s\open\src\hotspot\share\interpreter\linkResolver.cpp, line 759]
Event: 2.785 Thread 0x0000024eded2e5a0 Exception <a 'java/lang/NoSuchMethodError'{0x000000008b3d1608}: 'java.lang.Object java.lang.invoke.DirectMethodHandle$Holder.invokeStaticInit(java.lang.Object, java.lang.Object, int, int, int, int)'> (0x000000008b3d1608) 
thrown [s\open\src\hotspot\share\interpreter\linkResolver.cpp, line 759]
Event: 2.906 Thread 0x0000024eded2e5a0 Exception <a 'sun/nio/fs/WindowsException'{0x0000000085e985e0}> (0x0000000085e985e0) 
thrown [s\open\src\hotspot\share\prims\jni.cpp, line 516]
Event: 2.907 Thread 0x0000024eded2e5a0 Exception <a 'sun/nio/fs/WindowsException'{0x0000000085e9e018}> (0x0000000085e9e018) 
thrown [s\open\src\hotspot\share\prims\jni.cpp, line 516]
Event: 2.907 Thread 0x0000024eded2e5a0 Exception <a 'sun/nio/fs/WindowsException'{0x0000000085e9e750}> (0x0000000085e9e750) 
thrown [s\open\src\hotspot\share\prims\jni.cpp, line 516]
Event: 2.937 Thread 0x0000024eded2e5a0 Exception <a 'java/lang/NoSuchMethodError'{0x0000000085df27e0}: 'java.lang.Object java.lang.invoke.DirectMethodHandle$Holder.invokeSpecial(java.lang.Object, java.lang.Object, long, java.lang.Object, java.lang.Object, java.lang.Object, java.lang.Object, java.lang.Object, java.lang.Object)'> (0x0000000085df27e0) 
thrown [s\open\src\hotspot\share\interpreter\linkResolver.cpp, line 759]
Event: 2.937 Thread 0x0000024eded2e5a0 Exception <a 'java/lang/NoSuchMethodError'{0x0000000085df7308}: 'java.lang.Object java.lang.invoke.DelegatingMethodHandle$Holder.reinvoke_L(java.lang.Object, long, java.lang.Object, java.lang.Object, java.lang.Object, java.lang.Object, java.lang.Object, java.lang.Object)'> (0x0000000085df7308) 
thrown [s\open\src\hotspot\share\interpreter\linkResolver.cpp, line 759]
Event: 2.975 Thread 0x0000024eded2e5a0 Exception <a 'java/io/FileNotFoundException'{0x0000000085b58a70}> (0x0000000085b58a70) 
thrown [s\open\src\hotspot\share\prims\jni.cpp, line 516]
Event: 3.000 Thread 0x0000024eded2e5a0 Exception <a 'java/lang/NoSuchMethodError'{0x0000000085ae08f8}: 'int java.lang.invoke.DirectMethodHandle$Holder.invokeInterface(java.lang.Object, java.lang.Object, java.lang.Object, java.lang.Object)'> (0x0000000085ae08f8) 
thrown [s\open\src\hotspot\share\interpreter\linkResolver.cpp, line 759]
Event: 3.149 Thread 0x0000024eded2e5a0 Exception <a 'java/lang/NoSuchMethodError'{0x0000000087206e70}: 'void java.lang.invoke.DirectMethodHandle$Holder.invokeStaticInit(java.lang.Object, java.lang.Object, java.lang.Object, java.lang.Object, java.lang.Object)'> (0x0000000087206e70) 
thrown [s\open\src\hotspot\share\interpreter\linkResolver.cpp, line 759]
Event: 3.286 Thread 0x0000024eded2e5a0 Exception <a 'java/lang/NoSuchMethodError'{0x0000000085d2db58}: 'java.lang.Object java.lang.invoke.DirectMethodHandle$Holder.invokeStaticInit(java.lang.Object, java.lang.Object, java.lang.Object, java.lang.Object)'> (0x0000000085d2db58) 
thrown [s\open\src\hotspot\share\interpreter\linkResolver.cpp, line 759]
Event: 3.334 Thread 0x0000024eded2e5a0 Exception <a 'java/lang/NoSuchMethodError'{0x0000000085b47ea0}: 'long java.lang.invoke.DirectMethodHandle$Holder.invokeVirtual(java.lang.Object, java.lang.Object)'> (0x0000000085b47ea0) 
thrown [s\open\src\hotspot\share\interpreter\linkResolver.cpp, line 759]
Event: 3.338 Thread 0x0000024eded2e5a0 Exception <a 'java/io/FileNotFoundException'{0x0000000085b77d28}> (0x0000000085b77d28) 
thrown [s\open\src\hotspot\share\prims\jni.cpp, line 516]
Event: 3.402 Thread 0x0000024eded2e5a0 Implicit null exception at 0x0000024ecf90238f to 0x0000024ecf902758
Event: 3.407 Thread 0x0000024eded2e5a0 Exception <a 'sun/nio/fs/WindowsException'{0x00000000858f07f0}> (0x00000000858f07f0) 
thrown [s\open\src\hotspot\share\prims\jni.cpp, line 516]
Event: 4.016 Thread 0x0000024eded2e5a0 Exception <a 'java/lang/NoSuchMethodError'{0x00000000854b52c8}: 'int java.lang.invoke.DirectMethodHandle$Holder.invokeStatic(java.lang.Object)'> (0x00000000854b52c8) 
thrown [s\open\src\hotspot\share\interpreter\linkResolver.cpp, line 759]
Event: 4.422 Thread 0x0000024eded2e5a0 Exception <a 'java/lang/IncompatibleClassChangeError'{0x00000000873830a8}: Found class java.lang.Object, but interface was expected> (0x00000000873830a8) 
thrown [s\open\src\hotspot\share\interpreter\linkResolver.cpp, line 826]
Event: 4.447 Thread 0x0000024eded2e5a0 Exception <a 'java/lang/NoSuchMethodError'{0x000000008726e3a0}: 'java.lang.Object java.lang.invoke.DirectMethodHandle$Holder.invokeStatic(java.lang.Object, java.lang.Object, int, java.lang.Object)'> (0x000000008726e3a0) 
thrown [s\open\src\hotspot\share\interpreter\linkResolver.cpp, line 759]
Event: 4.447 Thread 0x0000024eded2e5a0 Exception <a 'java/lang/NoSuchMethodError'{0x0000000087271e38}: 'java.lang.Object java.lang.invoke.DirectMethodHandle$Holder.invokeStaticInit(java.lang.Object, java.lang.Object, int, java.lang.Object)'> (0x0000000087271e38) 
thrown [s\open\src\hotspot\share\interpreter\linkResolver.cpp, line 759]

VM Operations (20 events):
Event: 3.306 Executing VM operation: HandshakeAllThreads
Event: 3.306 Executing VM operation: HandshakeAllThreads done
Event: 3.306 Executing VM operation: HandshakeAllThreads
Event: 3.306 Executing VM operation: HandshakeAllThreads done
Event: 3.341 Executing VM operation: HandshakeAllThreads
Event: 3.342 Executing VM operation: HandshakeAllThreads done
Event: 3.485 Executing VM operation: G1CollectForAllocation
Event: 3.488 Executing VM operation: G1CollectForAllocation done
Event: 3.531 Executing VM operation: HandshakeAllThreads
Event: 3.531 Executing VM operation: HandshakeAllThreads done
Event: 3.627 Executing VM operation: CollectForMetadataAllocation
Event: 3.631 Executing VM operation: CollectForMetadataAllocation done
Event: 3.645 Executing VM operation: G1Concurrent
Event: 3.649 Executing VM operation: G1Concurrent done
Event: 3.655 Executing VM operation: G1Concurrent
Event: 3.656 Executing VM operation: G1Concurrent done
Event: 4.036 Executing VM operation: G1CollectForAllocation
Event: 4.038 Executing VM operation: G1CollectForAllocation done
Event: 4.078 Executing VM operation: G1CollectForAllocation
Event: 4.080 Executing VM operation: G1CollectForAllocation done

Events (20 events):
Event: 4.276 loading class java/util/stream/ReduceOps$1
Event: 4.276 loading class java/util/stream/ReduceOps$1 done
Event: 4.276 loading class java/util/stream/ReduceOps$1ReducingSink
Event: 4.276 loading class java/util/stream/ReduceOps$1ReducingSink done
Event: 4.339 loading class javax/naming/RefAddr
Event: 4.339 loading class javax/naming/RefAddr done
Event: 4.339 loading class javax/naming/StringRefAddr
Event: 4.339 loading class javax/naming/StringRefAddr done
Event: 4.365 loading class java/util/concurrent/CompletionStage
Event: 4.365 loading class java/util/concurrent/CompletionStage done
Event: 4.366 loading class java/util/concurrent/CompletableFuture
Event: 4.367 loading class java/util/concurrent/CompletableFuture done
Event: 4.367 loading class java/util/concurrent/CompletableFuture$AltResult
Event: 4.367 loading class java/util/concurrent/CompletableFuture$AltResult done
Event: 4.367 loading class java/util/concurrent/CompletableFuture$Completion
Event: 4.367 loading class java/util/concurrent/CompletableFuture$AsynchronousCompletionTask
Event: 4.367 loading class java/util/concurrent/CompletableFuture$AsynchronousCompletionTask done
Event: 4.367 loading class java/util/concurrent/CompletableFuture$Completion done
Event: 4.413 loading class java/util/concurrent/CancellationException
Event: 4.413 loading class java/util/concurrent/CancellationException done


Dynamic libraries:
0x00007ff62f660000 - 0x00007ff62f670000 	C:\Program Files\Java\jdk-17\bin\javaw.exe
0x00007ffe57c50000 - 0x00007ffe57e48000 	C:\WINDOWS\SYSTEM32\ntdll.dll
0x00007ffe56070000 - 0x00007ffe56131000 	C:\WINDOWS\System32\KERNEL32.DLL
0x00007ffe556a0000 - 0x00007ffe5599d000 	C:\WINDOWS\System32\KERNELBASE.dll
0x00007ffe555a0000 - 0x00007ffe556a0000 	C:\WINDOWS\System32\ucrtbase.dll
0x00007ffe3aaa0000 - 0x00007ffe3aab9000 	C:\Program Files\Java\jdk-17\bin\jli.dll
0x00007ffe55c80000 - 0x00007ffe55d30000 	C:\WINDOWS\System32\ADVAPI32.dll
0x00007ffe57960000 - 0x00007ffe579fe000 	C:\WINDOWS\System32\msvcrt.dll
0x00007ffe55ef0000 - 0x00007ffe55f90000 	C:\WINDOWS\System32\sechost.dll
0x00007ffe56e80000 - 0x00007ffe56fa3000 	C:\WINDOWS\System32\RPCRT4.dll
0x00007ffe55ac0000 - 0x00007ffe55ae7000 	C:\WINDOWS\System32\bcrypt.dll
0x00007ffe55d30000 - 0x00007ffe55ecd000 	C:\WINDOWS\System32\USER32.dll
0x00007ffe55a90000 - 0x00007ffe55ab2000 	C:\WINDOWS\System32\win32u.dll
0x00007ffe561a0000 - 0x00007ffe561cb000 	C:\WINDOWS\System32\GDI32.dll
0x00007ffe55af0000 - 0x00007ffe55c07000 	C:\WINDOWS\System32\gdi32full.dll
0x00007ffe559a0000 - 0x00007ffe55a3d000 	C:\WINDOWS\System32\msvcp_win.dll
0x00007ffe3a820000 - 0x00007ffe3a83b000 	C:\Program Files\Java\jdk-17\bin\VCRUNTIME140.dll
0x00007ffe46560000 - 0x00007ffe467fa000 	C:\WINDOWS\WinSxS\amd64_microsoft.windows.common-controls_6595b64144ccf1df_6.0.19041.4355_none_60b8b9eb71f62e16\COMCTL32.dll
0x00007ffe4fd30000 - 0x00007ffe4fd3a000 	C:\WINDOWS\SYSTEM32\VERSION.dll
0x00007ffe56cc0000 - 0x00007ffe56cef000 	C:\WINDOWS\System32\IMM32.DLL
0x00007ffe3aa90000 - 0x00007ffe3aa9c000 	C:\Program Files\Java\jdk-17\bin\vcruntime140_1.dll
0x00007ffe23ed0000 - 0x00007ffe23f5e000 	C:\Program Files\Java\jdk-17\bin\msvcp140.dll
0x00007ffdd31f0000 - 0x00007ffdd3dce000 	C:\Program Files\Java\jdk-17\bin\server\jvm.dll
0x00007ffe56fb0000 - 0x00007ffe56fb8000 	C:\WINDOWS\System32\PSAPI.DLL
0x00007ffe405d0000 - 0x00007ffe405d9000 	C:\WINDOWS\SYSTEM32\WSOCK32.dll
0x00007ffe43a50000 - 0x00007ffe43a77000 	C:\WINDOWS\SYSTEM32\WINMM.dll
0x00007ffe561d0000 - 0x00007ffe5623b000 	C:\WINDOWS\System32\WS2_32.dll
0x00007ffe52f50000 - 0x00007ffe52f62000 	C:\WINDOWS\SYSTEM32\kernel.appcore.dll
0x00007ffe3a810000 - 0x00007ffe3a81a000 	C:\Program Files\Java\jdk-17\bin\jimage.dll
0x00007ffe43840000 - 0x00007ffe43a24000 	C:\WINDOWS\SYSTEM32\DBGHELP.DLL
0x00007ffe43100000 - 0x00007ffe43134000 	C:\WINDOWS\SYSTEM32\dbgcore.DLL
0x00007ffe55300000 - 0x00007ffe55382000 	C:\WINDOWS\System32\bcryptPrimitives.dll
0x00007ffe33c40000 - 0x00007ffe33c65000 	C:\Program Files\Java\jdk-17\bin\java.dll
0x00007ffe1f2a0000 - 0x00007ffe1f377000 	C:\Program Files\Java\jdk-17\bin\jsvml.dll
0x00007ffe571f0000 - 0x00007ffe5795f000 	C:\WINDOWS\System32\SHELL32.dll
0x00007ffe53150000 - 0x00007ffe538f2000 	C:\WINDOWS\SYSTEM32\windows.storage.dll
0x00007ffe56240000 - 0x00007ffe56593000 	C:\WINDOWS\System32\combase.dll
0x00007ffe54b80000 - 0x00007ffe54bae000 	C:\WINDOWS\SYSTEM32\Wldp.dll
0x00007ffe56b70000 - 0x00007ffe56c3d000 	C:\WINDOWS\System32\OLEAUT32.dll
0x00007ffe570e0000 - 0x00007ffe5718d000 	C:\WINDOWS\System32\SHCORE.dll
0x00007ffe56e20000 - 0x00007ffe56e75000 	C:\WINDOWS\System32\shlwapi.dll
0x00007ffe55230000 - 0x00007ffe55254000 	C:\WINDOWS\SYSTEM32\profapi.dll
0x00007ffe3a7f0000 - 0x00007ffe3a809000 	C:\Program Files\Java\jdk-17\bin\net.dll
0x00007ffe4f880000 - 0x00007ffe4f98d000 	C:\WINDOWS\SYSTEM32\WINHTTP.dll
0x00007ffe54960000 - 0x00007ffe549ca000 	C:\WINDOWS\system32\mswsock.dll
0x00007ffe37360000 - 0x00007ffe37376000 	C:\Program Files\Java\jdk-17\bin\nio.dll
0x00007ffe37090000 - 0x00007ffe370a8000 	C:\Program Files\Java\jdk-17\bin\zip.dll
0x00007ffe3a150000 - 0x00007ffe3a15a000 	C:\Program Files\Java\jdk-17\bin\management.dll
0x00007ffe375a0000 - 0x00007ffe375ab000 	C:\Program Files\Java\jdk-17\bin\management_ext.dll
0x00007ffe36f40000 - 0x00007ffe36f50000 	C:\Program Files\Java\jdk-17\bin\verify.dll
0x00007ffe36680000 - 0x00007ffe3668e000 	C:\Program Files\Java\jdk-17\bin\sunmscapi.dll
0x00007ffe55390000 - 0x00007ffe554ee000 	C:\WINDOWS\System32\CRYPT32.dll
0x00007ffe54cd0000 - 0x00007ffe54cf9000 	C:\WINDOWS\SYSTEM32\ncrypt.dll
0x00007ffe54c90000 - 0x00007ffe54ccb000 	C:\WINDOWS\SYSTEM32\NTASN1.dll
0x00007ffe54bc0000 - 0x00007ffe54bd8000 	C:\WINDOWS\SYSTEM32\CRYPTSP.dll
0x00007ffe542a0000 - 0x00007ffe542d4000 	C:\WINDOWS\system32\rsaenh.dll
0x00007ffe551f0000 - 0x00007ffe5521e000 	C:\WINDOWS\SYSTEM32\USERENV.dll
0x00007ffe54af0000 - 0x00007ffe54afc000 	C:\WINDOWS\SYSTEM32\CRYPTBASE.dll
0x00007ffe54660000 - 0x00007ffe5469b000 	C:\WINDOWS\SYSTEM32\IPHLPAPI.DLL
0x00007ffe56650000 - 0x00007ffe56658000 	C:\WINDOWS\System32\NSI.dll
0x00007ffe50240000 - 0x00007ffe50257000 	C:\WINDOWS\SYSTEM32\dhcpcsvc6.DLL
0x00007ffe50220000 - 0x00007ffe5023d000 	C:\WINDOWS\SYSTEM32\dhcpcsvc.DLL
0x00007ffe546a0000 - 0x00007ffe5476a000 	C:\WINDOWS\SYSTEM32\DNSAPI.dll

dbghelp: loaded successfully - version: 4.0.5 - missing functions: none
symbol engine: initialized successfully - sym options: 0x614 - pdb path: .;C:\Program Files\Java\jdk-17\bin;C:\WINDOWS\SYSTEM32;C:\WINDOWS\WinSxS\amd64_microsoft.windows.common-controls_6595b64144ccf1df_6.0.19041.4355_none_60b8b9eb71f62e16;C:\Program Files\Java\jdk-17\bin\server

VM Arguments:
jvm_args: -Dfile.encoding=UTF-8 -Dstdout.encoding=UTF-8 -Dstderr.encoding=UTF-8 -XX:+ShowCodeDetailsInExceptionMessages 
java_command: com.example.demo.DemoApplication
java_class_path (initial): C:\Users\rodrigo.oliveira\eclipse-workspace\blocoDeNotas-main\demo\target\classes;C:\Users\rodrigo.oliveira\.m2\repository\org\apache\maven\maven-plugin-api\3.6.3\maven-plugin-api-3.6.3.jar;C:\Users\rodrigo.oliveira\.m2\repository\org\apache\maven\maven-model\3.6.3\maven-model-3.6.3.jar;C:\Users\rodrigo.oliveira\.m2\repository\org\apache\maven\maven-artifact\3.6.3\maven-artifact-3.6.3.jar;C:\Users\rodrigo.oliveira\.m2\repository\org\apache\commons\commons-lang3\3.14.0\commons-lang3-3.14.0.jar;C:\Users\rodrigo.oliveira\.m2\repository\org\eclipse\sisu\org.eclipse.sisu.plexus\0.3.4\org.eclipse.sisu.plexus-0.3.4.jar;C:\Users\rodrigo.oliveira\.m2\repository\javax\enterprise\cdi-api\1.0\cdi-api-1.0.jar;C:\Users\rodrigo.oliveira\.m2\repository\javax\annotation\jsr250-api\1.0\jsr250-api-1.0.jar;C:\Users\rodrigo.oliveira\.m2\repository\javax\inject\javax.inject\1\javax.inject-1.jar;C:\Users\rodrigo.oliveira\.m2\repository\org\eclipse\sisu\org.eclipse.sisu.inject\0.3.4\org.eclipse.sisu.inject-0.3.4.jar;C:\Users\rodrigo.oliveira\.m2\repository\org\codehaus\plexus\plexus-component-annotations\1.5.5\plexus-component-annotations-1.5.5.jar;C:\Users\rodrigo.oliveira\.m2\repository\org\codehaus\plexus\plexus-utils\3.2.1\plexus-utils-3.2.1.jar;C:\Users\rodrigo.oliveira\.m2\repository\org\codehaus\plexus\plexus-classworlds\2.6.0\plexus-classworlds-2.6.0.jar;C:\Users\rodrigo.oliveira\.m2\repository\org\apache\maven\plugin-tools\maven-plugin-annotations\3.6.0\maven-plugin-annotations-3.6.0.jar;C:\Users\rodrigo.oliveira\.m2\repository\org\apache\maven\maven-project\2.2.1\maven-project-2.2.1.jar;C:\Users\rodrigo.oliveira\.m2\repository\org\apache\maven\maven-settings\2.2.1\maven-settings-2.2.1.jar;C:\Users\rodrigo.oliveira\.m2\repository\org\apache\maven\maven-profile\2.2.1\maven-profile-2.2.1.jar;C:\Users\rodrigo.oliveira\.m2\repository\org\apache\maven\maven-artifact-manager\2.2.1\maven-artifact-manager-2.2.1.jar;C:\Users\rodrigo.oliveira\.m2\repository\org\
Launcher Type: SUN_STANDARD

[Global flags]
     intx CICompilerCount                          = 3                                         {product} {ergonomic}
     uint ConcGCThreads                            = 2                                         {product} {ergonomic}
     uint G1ConcRefinementThreads                  = 6                                         {product} {ergonomic}
   size_t G1HeapRegionSize                         = 1048576                                   {product} {ergonomic}
    uintx GCDrainStackTargetSize                   = 64                                        {product} {ergonomic}
   size_t InitialHeapSize                          = 132120576                                 {product} {ergonomic}
   size_t MarkStackSize                            = 4194304                                   {product} {ergonomic}
   size_t MaxHeapSize                              = 2090860544                                {product} {ergonomic}
   size_t MaxNewSize                               = 1254096896                                {product} {ergonomic}
   size_t MinHeapDeltaBytes                        = 1048576                                   {product} {ergonomic}
   size_t MinHeapSize                              = 8388608                                   {product} {ergonomic}
    uintx NonNMethodCodeHeapSize                   = 5832780                                {pd product} {ergonomic}
    uintx NonProfiledCodeHeapSize                  = 122912730                              {pd product} {ergonomic}
    uintx ProfiledCodeHeapSize                     = 122912730                              {pd product} {ergonomic}
    uintx ReservedCodeCacheSize                    = 251658240                              {pd product} {ergonomic}
     bool SegmentedCodeCache                       = true                                      {product} {ergonomic}
     bool ShowCodeDetailsInExceptionMessages       = true                                   {manageable} {command line}
   size_t SoftMaxHeapSize                          = 2090860544                             {manageable} {ergonomic}
     bool UseCompressedClassPointers               = true                           {product lp64_product} {ergonomic}
     bool UseCompressedOops                        = true                           {product lp64_product} {ergonomic}
     bool UseG1GC                                  = true                                      {product} {ergonomic}
     bool UseLargePagesIndividualAllocation        = false                                  {pd product} {ergonomic}

Logging:
Log output configuration:
 #0: stdout all=warning uptime,level,tags
 #1: stderr all=off uptime,level,tags

Environment Variables:
JAVA_HOME=C:\Program Files\Java\jdk-17
PATH=C:/Users/rodrigo.oliveira/.p2/pool/plugins/org.eclipse.justj.openjdk.hotspot.jre.full.win32.x86_64_22.0.2.v20240802-1626/jre/bin/server;C:/Users/rodrigo.oliveira/.p2/pool/plugins/org.eclipse.justj.openjdk.hotspot.jre.full.win32.x86_64_22.0.2.v20240802-1626/jre/bin;C:\Program Files\Common Files\Oracle\Java\javapath;C:\Program Files (x86)\Intel\Intel(R) Management Engine Components\iCLS\;C:\Program Files\Intel\Intel(R) Management Engine Components\iCLS\;C:\WINDOWS\system32;C:\WINDOWS;C:\WINDOWS\System32\Wbem;C:\WINDOWS\System32\WindowsPowerShell\v1.0\;C:\Program Files (x86)\Intel\Intel(R) Management Engine Components\DAL;C:\Program Files\Intel\Intel(R) Management Engine Components\DAL;C:\Program Files (x86)\Intel\Intel(R) Management Engine Components\IPT;C:\Program Files\Intel\Intel(R) Management Engine Components\IPT;C:\WINDOWS\System32\OpenSSH\;C:\Program Files\Java\jdk-17\bin;C:\Program Files\Git\cmd;C:\Program Files\MongoDB\Server\5.0\bin;C:\Program Files\nodejs\;C:\Program Files\Go\bin;C:\Program Files\MySQL\MySQL Server 8.0\bin;C:\Maven\apache-maven-3.8.4\bin;C:\Users\talo.oliveira\sonar-scanner\bin;C:\Users\talo.oliveira\sonar-scanner-linux\bin;;C:\Program Files\Docker\Docker\resources\bin;C:\Users\rodrigo.oliveira\AppData\Local\Microsoft\WindowsApps;;C:\WINDOWS\system32;
USERNAME=rodrigo.oliveira
OS=Windows_NT
PROCESSOR_IDENTIFIER=Intel64 Family 6 Model 158 Stepping 10, GenuineIntel



---------------  S Y S T E M  ---------------

OS:
 Windows 10 , 64 bit Build 19041 (10.0.19041.4842)
OS uptime: 4 days 4:33 hours
Hyper-V role detected

CPU: total 6 (initial active 6) (6 cores per cpu, 1 threads per core) family 6 model 158 stepping 10 microcode 0xb4, cx8, cmov, fxsr, mmx, 3dnowpref, sse, sse2, sse3, ssse3, sse4.1, sse4.2, popcnt, lzcnt, tsc, tscinvbit, avx, avx2, aes, erms, clmul, bmi1, bmi2, rtm, adx, fma, vzeroupper, clflush, clflushopt, hv

Memory: 4k page, system-wide physical 7971M (811M free)
TotalPageFile size 12067M (AvailPageFile size 6M)
current process WorkingSet (physical memory assigned to process): 229M, peak: 231M
current process commit charge ("private bytes"): 276M, peak: 279M

vm_info: Java HotSpot(TM) 64-Bit Server VM (17.0.8+9-LTS-211) for windows-amd64 JRE (17.0.8+9-LTS-211), built on Jun 14 2023 10:34:31 by "mach5one" with MS VC++ 17.1 (VS2022)

END.
